

================================================================
== Vitis HLS Report for 'decoder_Pipeline_decoder_label2'
================================================================
* Date:           Sat Nov  9 22:01:40 2024

* Version:        2022.2 (Build 3670227 on Oct 13 2022)
* Project:        POSIT_HLS
* Solution:       solution1 (Vivado IP Flow Target)
* Product family: artix7
* Target device:  xc7a12ti-csg325-1L


================================================================
== Performance Estimates
================================================================
+ Timing: 
    * Summary: 
    +--------+----------+----------+------------+
    |  Clock |  Target  | Estimated| Uncertainty|
    +--------+----------+----------+------------+
    |ap_clk  |  10.00 ns|  7.197 ns|     2.70 ns|
    +--------+----------+----------+------------+

+ Latency: 
    * Summary: 
    +---------+---------+----------+----------+-----+-----+---------+
    |  Latency (cycles) |  Latency (absolute) |  Interval | Pipeline|
    |   min   |   max   |    min   |    max   | min | max |   Type  |
    +---------+---------+----------+----------+-----+-----+---------+
    |       75|       75|  0.750 us|  0.750 us|   75|   75|       no|
    +---------+---------+----------+----------+-----+-----+---------+

    + Detail: 
        * Instance: 
        N/A

        * Loop: 
        +------------------+---------+---------+----------+-----------+-----------+------+----------+
        |                  |  Latency (cycles) | Iteration|  Initiation Interval  | Trip |          |
        |     Loop Name    |   min   |   max   |  Latency |  achieved |   target  | Count| Pipelined|
        +------------------+---------+---------+----------+-----------+-----------+------+----------+
        |- decoder_label2  |       73|       73|        58|         16|          1|     2|       yes|
        +------------------+---------+---------+----------+-----------+-----------+------+----------+

============================================================
+ Verbose Summary: Synthesis Manager
============================================================
InlineROM: 1
ExposeGlobal: 0
============================================================
+ Verbose Summary: CDFG Model
============================================================
IsTopModel: 0
ResetActiveHigh: 1
IsCombinational: 0
IsDatapathOnly: 0
HasWiredReturn: 1
HasMFsm: 2
HasVarLatency: 1
IsPipeline: 0
IsRtlPipelined: 0
IsInstanceOverlapped: 0
IsDontTouch: 0
HasImplIP: 0
IsGatedGlobalClock: 0

+ Individual pipeline summary: 
  * Pipeline-0: initiation interval (II) = 16, depth = 58


============================================================
+ Verbose Summary: Schedule
============================================================
* Number of FSM states : 58
* Pipeline : 1
  Pipeline-0 : II = 16, D = 58, States = { 1 2 3 4 5 6 7 8 9 10 11 12 13 14 15 16 17 18 19 20 21 22 23 24 25 26 27 28 29 30 31 32 33 34 35 36 37 38 39 40 41 42 43 44 45 46 47 48 49 50 51 52 53 54 55 56 57 58 }
* Dataflow Pipeline: 0

* FSM state transitions: 
1 --> 2 
2 --> 3 
3 --> 4 
4 --> 5 
5 --> 6 
6 --> 7 
7 --> 8 
8 --> 9 
9 --> 10 
10 --> 11 
11 --> 12 
12 --> 13 
13 --> 14 
14 --> 15 
15 --> 16 
16 --> 17 
17 --> 18 
18 --> 19 
19 --> 20 
20 --> 21 
21 --> 22 
22 --> 23 
23 --> 24 
24 --> 25 
25 --> 26 
26 --> 27 
27 --> 28 
28 --> 29 
29 --> 30 
30 --> 31 
31 --> 32 
32 --> 33 
33 --> 34 
34 --> 35 
35 --> 36 
36 --> 37 
37 --> 38 
38 --> 39 
39 --> 40 
40 --> 41 
41 --> 42 
42 --> 43 
43 --> 44 
44 --> 45 
45 --> 46 
46 --> 47 
47 --> 48 
48 --> 49 
49 --> 50 
50 --> 51 
51 --> 52 
52 --> 53 
53 --> 54 
54 --> 55 
55 --> 56 
56 --> 57 
57 --> 58 
58 --> 

* FSM state operations: 

State 1 <SV = 0> <Delay = 6.02>
ST_1 : Operation 61 [1/1] (0.00ns)   --->   "%y = alloca i32 1"   --->   Operation 61 'alloca' 'y' <Predicate = true> <Delay = 0.00>
ST_1 : Operation 62 [1/1] (0.00ns)   --->   "%exponent1 = alloca i32 1"   --->   Operation 62 'alloca' 'exponent1' <Predicate = true> <Delay = 0.00>
ST_1 : Operation 63 [1/1] (0.00ns)   --->   "%expo1_V_read = read i2 @_ssdm_op_Read.ap_auto.i2, i2 %expo1_V"   --->   Operation 63 'read' 'expo1_V_read' <Predicate = true> <Delay = 0.00>
ST_1 : Operation 64 [1/1] (1.61ns)   --->   "%store_ln0 = store i32 0, i32 %exponent1"   --->   Operation 64 'store' 'store_ln0' <Predicate = true> <Delay = 1.61>
ST_1 : Operation 65 [1/1] (1.61ns)   --->   "%store_ln0 = store i2 0, i2 %y"   --->   Operation 65 'store' 'store_ln0' <Predicate = true> <Delay = 1.61>
ST_1 : Operation 66 [1/1] (0.00ns)   --->   "%br_ln0 = br void %for.inc54"   --->   Operation 66 'br' 'br_ln0' <Predicate = true> <Delay = 0.00>
ST_1 : Operation 67 [1/1] (0.00ns)   --->   "%y_3 = load i2 %y"   --->   Operation 67 'load' 'y_3' <Predicate = true> <Delay = 0.00>
ST_1 : Operation 68 [1/1] (0.93ns)   --->   "%icmp_ln111 = icmp_eq  i2 %y_3, i2 2" [decoder.cpp:111]   --->   Operation 68 'icmp' 'icmp_ln111' <Predicate = true> <Delay = 0.93> <CoreInst = "Cmp">   --->   Core 9 'Cmp' <Latency = 0> <II = 1> <Delay = 0.93> <FuncUnit> <Opcode : 'icmp'> <InPorts = 2> <OutPorts = 1>
ST_1 : Operation 69 [1/1] (0.00ns)   --->   "%br_ln111 = br i1 %icmp_ln111, void %for.inc54.split, void %decoder_label3.exitStub" [decoder.cpp:111]   --->   Operation 69 'br' 'br_ln111' <Predicate = true> <Delay = 0.00>
ST_1 : Operation 70 [1/1] (0.00ns)   --->   "%y_cast = zext i2 %y_3"   --->   Operation 70 'zext' 'y_cast' <Predicate = (!icmp_ln111)> <Delay = 0.00>
ST_1 : Operation 71 [6/6] (6.02ns)   --->   "%y_assign = sitodp i32 %y_cast" [decoder.cpp:113]   --->   Operation 71 'sitodp' 'y_assign' <Predicate = (!icmp_ln111)> <Delay = 6.02> <CoreInst = "Int2Double">   --->   Core 66 'Int2Double' <Latency = 5> <II = 1> <Delay = 6.02> <FuncUnit> <Opcode : 'sitodp' 'uitodp'> <InPorts = 1> <OutPorts = 1>

State 2 <SV = 1> <Delay = 6.02>
ST_2 : Operation 72 [5/6] (6.02ns)   --->   "%y_assign = sitodp i32 %y_cast" [decoder.cpp:113]   --->   Operation 72 'sitodp' 'y_assign' <Predicate = (!icmp_ln111)> <Delay = 6.02> <CoreInst = "Int2Double">   --->   Core 66 'Int2Double' <Latency = 5> <II = 1> <Delay = 6.02> <FuncUnit> <Opcode : 'sitodp' 'uitodp'> <InPorts = 1> <OutPorts = 1>

State 3 <SV = 2> <Delay = 6.02>
ST_3 : Operation 73 [4/6] (6.02ns)   --->   "%y_assign = sitodp i32 %y_cast" [decoder.cpp:113]   --->   Operation 73 'sitodp' 'y_assign' <Predicate = (!icmp_ln111)> <Delay = 6.02> <CoreInst = "Int2Double">   --->   Core 66 'Int2Double' <Latency = 5> <II = 1> <Delay = 6.02> <FuncUnit> <Opcode : 'sitodp' 'uitodp'> <InPorts = 1> <OutPorts = 1>

State 4 <SV = 3> <Delay = 6.02>
ST_4 : Operation 74 [3/6] (6.02ns)   --->   "%y_assign = sitodp i32 %y_cast" [decoder.cpp:113]   --->   Operation 74 'sitodp' 'y_assign' <Predicate = (!icmp_ln111)> <Delay = 6.02> <CoreInst = "Int2Double">   --->   Core 66 'Int2Double' <Latency = 5> <II = 1> <Delay = 6.02> <FuncUnit> <Opcode : 'sitodp' 'uitodp'> <InPorts = 1> <OutPorts = 1>

State 5 <SV = 4> <Delay = 6.02>
ST_5 : Operation 75 [2/6] (6.02ns)   --->   "%y_assign = sitodp i32 %y_cast" [decoder.cpp:113]   --->   Operation 75 'sitodp' 'y_assign' <Predicate = (!icmp_ln111)> <Delay = 6.02> <CoreInst = "Int2Double">   --->   Core 66 'Int2Double' <Latency = 5> <II = 1> <Delay = 6.02> <FuncUnit> <Opcode : 'sitodp' 'uitodp'> <InPorts = 1> <OutPorts = 1>

State 6 <SV = 5> <Delay = 6.02>
ST_6 : Operation 76 [1/6] (6.02ns)   --->   "%y_assign = sitodp i32 %y_cast" [decoder.cpp:113]   --->   Operation 76 'sitodp' 'y_assign' <Predicate = (!icmp_ln111)> <Delay = 6.02> <CoreInst = "Int2Double">   --->   Core 66 'Int2Double' <Latency = 5> <II = 1> <Delay = 6.02> <FuncUnit> <Opcode : 'sitodp' 'uitodp'> <InPorts = 1> <OutPorts = 1>

State 7 <SV = 6> <Delay = 4.65>
ST_7 : Operation 77 [35/35] (4.65ns)   --->   "%tmp = call i64 @pow_generic<double>, i64 %y_assign, i58 %pow_reduce_anonymous_namespace_table_exp_Z1_ap_ufixed_array_V, i26 %pow_reduce_anonymous_namespace_table_f_Z3_ap_ufixed_array_V, i42 %pow_reduce_anonymous_namespace_table_f_Z2_ap_ufixed_array_V" [C:\scratch\2022.2\hls_product\608\2022.2\src\shared\hls\clib\hlsmath\src\c\powdouble.cpp:7]   --->   Operation 77 'call' 'tmp' <Predicate = (!icmp_ln111)> <Delay = 4.65> <CoreType = "Generic">   --->   Core 0 '' <Latency = 0> <II = 1> <Delay = 1.00> <Generic> <Opcode : >

State 8 <SV = 7> <Delay = 7.19>
ST_8 : Operation 78 [34/35] (7.19ns)   --->   "%tmp = call i64 @pow_generic<double>, i64 %y_assign, i58 %pow_reduce_anonymous_namespace_table_exp_Z1_ap_ufixed_array_V, i26 %pow_reduce_anonymous_namespace_table_f_Z3_ap_ufixed_array_V, i42 %pow_reduce_anonymous_namespace_table_f_Z2_ap_ufixed_array_V" [C:\scratch\2022.2\hls_product\608\2022.2\src\shared\hls\clib\hlsmath\src\c\powdouble.cpp:7]   --->   Operation 78 'call' 'tmp' <Predicate = (!icmp_ln111)> <Delay = 7.19> <CoreType = "Generic">   --->   Core 0 '' <Latency = 0> <II = 1> <Delay = 1.00> <Generic> <Opcode : >

State 9 <SV = 8> <Delay = 7.19>
ST_9 : Operation 79 [33/35] (7.19ns)   --->   "%tmp = call i64 @pow_generic<double>, i64 %y_assign, i58 %pow_reduce_anonymous_namespace_table_exp_Z1_ap_ufixed_array_V, i26 %pow_reduce_anonymous_namespace_table_f_Z3_ap_ufixed_array_V, i42 %pow_reduce_anonymous_namespace_table_f_Z2_ap_ufixed_array_V" [C:\scratch\2022.2\hls_product\608\2022.2\src\shared\hls\clib\hlsmath\src\c\powdouble.cpp:7]   --->   Operation 79 'call' 'tmp' <Predicate = (!icmp_ln111)> <Delay = 7.19> <CoreType = "Generic">   --->   Core 0 '' <Latency = 0> <II = 1> <Delay = 1.00> <Generic> <Opcode : >

State 10 <SV = 9> <Delay = 7.19>
ST_10 : Operation 80 [32/35] (7.19ns)   --->   "%tmp = call i64 @pow_generic<double>, i64 %y_assign, i58 %pow_reduce_anonymous_namespace_table_exp_Z1_ap_ufixed_array_V, i26 %pow_reduce_anonymous_namespace_table_f_Z3_ap_ufixed_array_V, i42 %pow_reduce_anonymous_namespace_table_f_Z2_ap_ufixed_array_V" [C:\scratch\2022.2\hls_product\608\2022.2\src\shared\hls\clib\hlsmath\src\c\powdouble.cpp:7]   --->   Operation 80 'call' 'tmp' <Predicate = (!icmp_ln111)> <Delay = 7.19> <CoreType = "Generic">   --->   Core 0 '' <Latency = 0> <II = 1> <Delay = 1.00> <Generic> <Opcode : >

State 11 <SV = 10> <Delay = 7.19>
ST_11 : Operation 81 [31/35] (7.19ns)   --->   "%tmp = call i64 @pow_generic<double>, i64 %y_assign, i58 %pow_reduce_anonymous_namespace_table_exp_Z1_ap_ufixed_array_V, i26 %pow_reduce_anonymous_namespace_table_f_Z3_ap_ufixed_array_V, i42 %pow_reduce_anonymous_namespace_table_f_Z2_ap_ufixed_array_V" [C:\scratch\2022.2\hls_product\608\2022.2\src\shared\hls\clib\hlsmath\src\c\powdouble.cpp:7]   --->   Operation 81 'call' 'tmp' <Predicate = (!icmp_ln111)> <Delay = 7.19> <CoreType = "Generic">   --->   Core 0 '' <Latency = 0> <II = 1> <Delay = 1.00> <Generic> <Opcode : >

State 12 <SV = 11> <Delay = 7.19>
ST_12 : Operation 82 [30/35] (7.19ns)   --->   "%tmp = call i64 @pow_generic<double>, i64 %y_assign, i58 %pow_reduce_anonymous_namespace_table_exp_Z1_ap_ufixed_array_V, i26 %pow_reduce_anonymous_namespace_table_f_Z3_ap_ufixed_array_V, i42 %pow_reduce_anonymous_namespace_table_f_Z2_ap_ufixed_array_V" [C:\scratch\2022.2\hls_product\608\2022.2\src\shared\hls\clib\hlsmath\src\c\powdouble.cpp:7]   --->   Operation 82 'call' 'tmp' <Predicate = (!icmp_ln111)> <Delay = 7.19> <CoreType = "Generic">   --->   Core 0 '' <Latency = 0> <II = 1> <Delay = 1.00> <Generic> <Opcode : >

State 13 <SV = 12> <Delay = 7.19>
ST_13 : Operation 83 [29/35] (7.19ns)   --->   "%tmp = call i64 @pow_generic<double>, i64 %y_assign, i58 %pow_reduce_anonymous_namespace_table_exp_Z1_ap_ufixed_array_V, i26 %pow_reduce_anonymous_namespace_table_f_Z3_ap_ufixed_array_V, i42 %pow_reduce_anonymous_namespace_table_f_Z2_ap_ufixed_array_V" [C:\scratch\2022.2\hls_product\608\2022.2\src\shared\hls\clib\hlsmath\src\c\powdouble.cpp:7]   --->   Operation 83 'call' 'tmp' <Predicate = (!icmp_ln111)> <Delay = 7.19> <CoreType = "Generic">   --->   Core 0 '' <Latency = 0> <II = 1> <Delay = 1.00> <Generic> <Opcode : >

State 14 <SV = 13> <Delay = 7.19>
ST_14 : Operation 84 [28/35] (7.19ns)   --->   "%tmp = call i64 @pow_generic<double>, i64 %y_assign, i58 %pow_reduce_anonymous_namespace_table_exp_Z1_ap_ufixed_array_V, i26 %pow_reduce_anonymous_namespace_table_f_Z3_ap_ufixed_array_V, i42 %pow_reduce_anonymous_namespace_table_f_Z2_ap_ufixed_array_V" [C:\scratch\2022.2\hls_product\608\2022.2\src\shared\hls\clib\hlsmath\src\c\powdouble.cpp:7]   --->   Operation 84 'call' 'tmp' <Predicate = (!icmp_ln111)> <Delay = 7.19> <CoreType = "Generic">   --->   Core 0 '' <Latency = 0> <II = 1> <Delay = 1.00> <Generic> <Opcode : >

State 15 <SV = 14> <Delay = 7.19>
ST_15 : Operation 85 [27/35] (7.19ns)   --->   "%tmp = call i64 @pow_generic<double>, i64 %y_assign, i58 %pow_reduce_anonymous_namespace_table_exp_Z1_ap_ufixed_array_V, i26 %pow_reduce_anonymous_namespace_table_f_Z3_ap_ufixed_array_V, i42 %pow_reduce_anonymous_namespace_table_f_Z2_ap_ufixed_array_V" [C:\scratch\2022.2\hls_product\608\2022.2\src\shared\hls\clib\hlsmath\src\c\powdouble.cpp:7]   --->   Operation 85 'call' 'tmp' <Predicate = (!icmp_ln111)> <Delay = 7.19> <CoreType = "Generic">   --->   Core 0 '' <Latency = 0> <II = 1> <Delay = 1.00> <Generic> <Opcode : >

State 16 <SV = 15> <Delay = 7.19>
ST_16 : Operation 86 [1/1] (0.00ns)   --->   "%specpipeline_ln0 = specpipeline void @_ssdm_op_SpecPipeline, i32 4294967295, i32 0, i32 1, i32 0, void @p_str"   --->   Operation 86 'specpipeline' 'specpipeline_ln0' <Predicate = true> <Delay = 0.00>
ST_16 : Operation 87 [1/1] (0.00ns)   --->   "%speclooptripcount_ln0 = speclooptripcount void @_ssdm_op_SpecLoopTripCount, i64 2, i64 2, i64 2"   --->   Operation 87 'speclooptripcount' 'speclooptripcount_ln0' <Predicate = true> <Delay = 0.00>
ST_16 : Operation 88 [1/1] (1.58ns)   --->   "%y_4 = add i2 %y_3, i2 1" [decoder.cpp:111]   --->   Operation 88 'add' 'y_4' <Predicate = true> <Delay = 1.58> <CoreInst = "Adder">   --->   Core 1 'Adder' <Latency = 0> <II = 1> <Delay = 1.58> <FuncUnit> <Opcode : 'add' 'sub'> <InPorts = 2> <OutPorts = 1>
ST_16 : Operation 89 [26/35] (7.19ns)   --->   "%tmp = call i64 @pow_generic<double>, i64 %y_assign, i58 %pow_reduce_anonymous_namespace_table_exp_Z1_ap_ufixed_array_V, i26 %pow_reduce_anonymous_namespace_table_f_Z3_ap_ufixed_array_V, i42 %pow_reduce_anonymous_namespace_table_f_Z2_ap_ufixed_array_V" [C:\scratch\2022.2\hls_product\608\2022.2\src\shared\hls\clib\hlsmath\src\c\powdouble.cpp:7]   --->   Operation 89 'call' 'tmp' <Predicate = (!icmp_ln111)> <Delay = 7.19> <CoreType = "Generic">   --->   Core 0 '' <Latency = 0> <II = 1> <Delay = 1.00> <Generic> <Opcode : >
ST_16 : Operation 90 [1/1] (1.61ns)   --->   "%store_ln111 = store i2 %y_4, i2 %y" [decoder.cpp:111]   --->   Operation 90 'store' 'store_ln111' <Predicate = (!icmp_ln111)> <Delay = 1.61>

State 17 <SV = 16> <Delay = 7.19>
ST_17 : Operation 91 [25/35] (7.19ns)   --->   "%tmp = call i64 @pow_generic<double>, i64 %y_assign, i58 %pow_reduce_anonymous_namespace_table_exp_Z1_ap_ufixed_array_V, i26 %pow_reduce_anonymous_namespace_table_f_Z3_ap_ufixed_array_V, i42 %pow_reduce_anonymous_namespace_table_f_Z2_ap_ufixed_array_V" [C:\scratch\2022.2\hls_product\608\2022.2\src\shared\hls\clib\hlsmath\src\c\powdouble.cpp:7]   --->   Operation 91 'call' 'tmp' <Predicate = true> <Delay = 7.19> <CoreType = "Generic">   --->   Core 0 '' <Latency = 0> <II = 1> <Delay = 1.00> <Generic> <Opcode : >

State 18 <SV = 17> <Delay = 7.19>
ST_18 : Operation 92 [24/35] (7.19ns)   --->   "%tmp = call i64 @pow_generic<double>, i64 %y_assign, i58 %pow_reduce_anonymous_namespace_table_exp_Z1_ap_ufixed_array_V, i26 %pow_reduce_anonymous_namespace_table_f_Z3_ap_ufixed_array_V, i42 %pow_reduce_anonymous_namespace_table_f_Z2_ap_ufixed_array_V" [C:\scratch\2022.2\hls_product\608\2022.2\src\shared\hls\clib\hlsmath\src\c\powdouble.cpp:7]   --->   Operation 92 'call' 'tmp' <Predicate = true> <Delay = 7.19> <CoreType = "Generic">   --->   Core 0 '' <Latency = 0> <II = 1> <Delay = 1.00> <Generic> <Opcode : >

State 19 <SV = 18> <Delay = 7.19>
ST_19 : Operation 93 [23/35] (7.19ns)   --->   "%tmp = call i64 @pow_generic<double>, i64 %y_assign, i58 %pow_reduce_anonymous_namespace_table_exp_Z1_ap_ufixed_array_V, i26 %pow_reduce_anonymous_namespace_table_f_Z3_ap_ufixed_array_V, i42 %pow_reduce_anonymous_namespace_table_f_Z2_ap_ufixed_array_V" [C:\scratch\2022.2\hls_product\608\2022.2\src\shared\hls\clib\hlsmath\src\c\powdouble.cpp:7]   --->   Operation 93 'call' 'tmp' <Predicate = true> <Delay = 7.19> <CoreType = "Generic">   --->   Core 0 '' <Latency = 0> <II = 1> <Delay = 1.00> <Generic> <Opcode : >

State 20 <SV = 19> <Delay = 7.19>
ST_20 : Operation 94 [22/35] (7.19ns)   --->   "%tmp = call i64 @pow_generic<double>, i64 %y_assign, i58 %pow_reduce_anonymous_namespace_table_exp_Z1_ap_ufixed_array_V, i26 %pow_reduce_anonymous_namespace_table_f_Z3_ap_ufixed_array_V, i42 %pow_reduce_anonymous_namespace_table_f_Z2_ap_ufixed_array_V" [C:\scratch\2022.2\hls_product\608\2022.2\src\shared\hls\clib\hlsmath\src\c\powdouble.cpp:7]   --->   Operation 94 'call' 'tmp' <Predicate = true> <Delay = 7.19> <CoreType = "Generic">   --->   Core 0 '' <Latency = 0> <II = 1> <Delay = 1.00> <Generic> <Opcode : >

State 21 <SV = 20> <Delay = 7.19>
ST_21 : Operation 95 [21/35] (7.19ns)   --->   "%tmp = call i64 @pow_generic<double>, i64 %y_assign, i58 %pow_reduce_anonymous_namespace_table_exp_Z1_ap_ufixed_array_V, i26 %pow_reduce_anonymous_namespace_table_f_Z3_ap_ufixed_array_V, i42 %pow_reduce_anonymous_namespace_table_f_Z2_ap_ufixed_array_V" [C:\scratch\2022.2\hls_product\608\2022.2\src\shared\hls\clib\hlsmath\src\c\powdouble.cpp:7]   --->   Operation 95 'call' 'tmp' <Predicate = true> <Delay = 7.19> <CoreType = "Generic">   --->   Core 0 '' <Latency = 0> <II = 1> <Delay = 1.00> <Generic> <Opcode : >

State 22 <SV = 21> <Delay = 7.19>
ST_22 : Operation 96 [20/35] (7.19ns)   --->   "%tmp = call i64 @pow_generic<double>, i64 %y_assign, i58 %pow_reduce_anonymous_namespace_table_exp_Z1_ap_ufixed_array_V, i26 %pow_reduce_anonymous_namespace_table_f_Z3_ap_ufixed_array_V, i42 %pow_reduce_anonymous_namespace_table_f_Z2_ap_ufixed_array_V" [C:\scratch\2022.2\hls_product\608\2022.2\src\shared\hls\clib\hlsmath\src\c\powdouble.cpp:7]   --->   Operation 96 'call' 'tmp' <Predicate = true> <Delay = 7.19> <CoreType = "Generic">   --->   Core 0 '' <Latency = 0> <II = 1> <Delay = 1.00> <Generic> <Opcode : >

State 23 <SV = 22> <Delay = 7.19>
ST_23 : Operation 97 [19/35] (7.19ns)   --->   "%tmp = call i64 @pow_generic<double>, i64 %y_assign, i58 %pow_reduce_anonymous_namespace_table_exp_Z1_ap_ufixed_array_V, i26 %pow_reduce_anonymous_namespace_table_f_Z3_ap_ufixed_array_V, i42 %pow_reduce_anonymous_namespace_table_f_Z2_ap_ufixed_array_V" [C:\scratch\2022.2\hls_product\608\2022.2\src\shared\hls\clib\hlsmath\src\c\powdouble.cpp:7]   --->   Operation 97 'call' 'tmp' <Predicate = true> <Delay = 7.19> <CoreType = "Generic">   --->   Core 0 '' <Latency = 0> <II = 1> <Delay = 1.00> <Generic> <Opcode : >

State 24 <SV = 23> <Delay = 7.19>
ST_24 : Operation 98 [18/35] (7.19ns)   --->   "%tmp = call i64 @pow_generic<double>, i64 %y_assign, i58 %pow_reduce_anonymous_namespace_table_exp_Z1_ap_ufixed_array_V, i26 %pow_reduce_anonymous_namespace_table_f_Z3_ap_ufixed_array_V, i42 %pow_reduce_anonymous_namespace_table_f_Z2_ap_ufixed_array_V" [C:\scratch\2022.2\hls_product\608\2022.2\src\shared\hls\clib\hlsmath\src\c\powdouble.cpp:7]   --->   Operation 98 'call' 'tmp' <Predicate = true> <Delay = 7.19> <CoreType = "Generic">   --->   Core 0 '' <Latency = 0> <II = 1> <Delay = 1.00> <Generic> <Opcode : >

State 25 <SV = 24> <Delay = 7.19>
ST_25 : Operation 99 [17/35] (7.19ns)   --->   "%tmp = call i64 @pow_generic<double>, i64 %y_assign, i58 %pow_reduce_anonymous_namespace_table_exp_Z1_ap_ufixed_array_V, i26 %pow_reduce_anonymous_namespace_table_f_Z3_ap_ufixed_array_V, i42 %pow_reduce_anonymous_namespace_table_f_Z2_ap_ufixed_array_V" [C:\scratch\2022.2\hls_product\608\2022.2\src\shared\hls\clib\hlsmath\src\c\powdouble.cpp:7]   --->   Operation 99 'call' 'tmp' <Predicate = true> <Delay = 7.19> <CoreType = "Generic">   --->   Core 0 '' <Latency = 0> <II = 1> <Delay = 1.00> <Generic> <Opcode : >

State 26 <SV = 25> <Delay = 7.19>
ST_26 : Operation 100 [16/35] (7.19ns)   --->   "%tmp = call i64 @pow_generic<double>, i64 %y_assign, i58 %pow_reduce_anonymous_namespace_table_exp_Z1_ap_ufixed_array_V, i26 %pow_reduce_anonymous_namespace_table_f_Z3_ap_ufixed_array_V, i42 %pow_reduce_anonymous_namespace_table_f_Z2_ap_ufixed_array_V" [C:\scratch\2022.2\hls_product\608\2022.2\src\shared\hls\clib\hlsmath\src\c\powdouble.cpp:7]   --->   Operation 100 'call' 'tmp' <Predicate = true> <Delay = 7.19> <CoreType = "Generic">   --->   Core 0 '' <Latency = 0> <II = 1> <Delay = 1.00> <Generic> <Opcode : >

State 27 <SV = 26> <Delay = 7.19>
ST_27 : Operation 101 [15/35] (7.19ns)   --->   "%tmp = call i64 @pow_generic<double>, i64 %y_assign, i58 %pow_reduce_anonymous_namespace_table_exp_Z1_ap_ufixed_array_V, i26 %pow_reduce_anonymous_namespace_table_f_Z3_ap_ufixed_array_V, i42 %pow_reduce_anonymous_namespace_table_f_Z2_ap_ufixed_array_V" [C:\scratch\2022.2\hls_product\608\2022.2\src\shared\hls\clib\hlsmath\src\c\powdouble.cpp:7]   --->   Operation 101 'call' 'tmp' <Predicate = true> <Delay = 7.19> <CoreType = "Generic">   --->   Core 0 '' <Latency = 0> <II = 1> <Delay = 1.00> <Generic> <Opcode : >

State 28 <SV = 27> <Delay = 7.19>
ST_28 : Operation 102 [14/35] (7.19ns)   --->   "%tmp = call i64 @pow_generic<double>, i64 %y_assign, i58 %pow_reduce_anonymous_namespace_table_exp_Z1_ap_ufixed_array_V, i26 %pow_reduce_anonymous_namespace_table_f_Z3_ap_ufixed_array_V, i42 %pow_reduce_anonymous_namespace_table_f_Z2_ap_ufixed_array_V" [C:\scratch\2022.2\hls_product\608\2022.2\src\shared\hls\clib\hlsmath\src\c\powdouble.cpp:7]   --->   Operation 102 'call' 'tmp' <Predicate = true> <Delay = 7.19> <CoreType = "Generic">   --->   Core 0 '' <Latency = 0> <II = 1> <Delay = 1.00> <Generic> <Opcode : >

State 29 <SV = 28> <Delay = 7.19>
ST_29 : Operation 103 [13/35] (7.19ns)   --->   "%tmp = call i64 @pow_generic<double>, i64 %y_assign, i58 %pow_reduce_anonymous_namespace_table_exp_Z1_ap_ufixed_array_V, i26 %pow_reduce_anonymous_namespace_table_f_Z3_ap_ufixed_array_V, i42 %pow_reduce_anonymous_namespace_table_f_Z2_ap_ufixed_array_V" [C:\scratch\2022.2\hls_product\608\2022.2\src\shared\hls\clib\hlsmath\src\c\powdouble.cpp:7]   --->   Operation 103 'call' 'tmp' <Predicate = true> <Delay = 7.19> <CoreType = "Generic">   --->   Core 0 '' <Latency = 0> <II = 1> <Delay = 1.00> <Generic> <Opcode : >

State 30 <SV = 29> <Delay = 7.19>
ST_30 : Operation 104 [12/35] (7.19ns)   --->   "%tmp = call i64 @pow_generic<double>, i64 %y_assign, i58 %pow_reduce_anonymous_namespace_table_exp_Z1_ap_ufixed_array_V, i26 %pow_reduce_anonymous_namespace_table_f_Z3_ap_ufixed_array_V, i42 %pow_reduce_anonymous_namespace_table_f_Z2_ap_ufixed_array_V" [C:\scratch\2022.2\hls_product\608\2022.2\src\shared\hls\clib\hlsmath\src\c\powdouble.cpp:7]   --->   Operation 104 'call' 'tmp' <Predicate = true> <Delay = 7.19> <CoreType = "Generic">   --->   Core 0 '' <Latency = 0> <II = 1> <Delay = 1.00> <Generic> <Opcode : >

State 31 <SV = 30> <Delay = 7.19>
ST_31 : Operation 105 [11/35] (7.19ns)   --->   "%tmp = call i64 @pow_generic<double>, i64 %y_assign, i58 %pow_reduce_anonymous_namespace_table_exp_Z1_ap_ufixed_array_V, i26 %pow_reduce_anonymous_namespace_table_f_Z3_ap_ufixed_array_V, i42 %pow_reduce_anonymous_namespace_table_f_Z2_ap_ufixed_array_V" [C:\scratch\2022.2\hls_product\608\2022.2\src\shared\hls\clib\hlsmath\src\c\powdouble.cpp:7]   --->   Operation 105 'call' 'tmp' <Predicate = true> <Delay = 7.19> <CoreType = "Generic">   --->   Core 0 '' <Latency = 0> <II = 1> <Delay = 1.00> <Generic> <Opcode : >

State 32 <SV = 31> <Delay = 7.19>
ST_32 : Operation 106 [10/35] (7.19ns)   --->   "%tmp = call i64 @pow_generic<double>, i64 %y_assign, i58 %pow_reduce_anonymous_namespace_table_exp_Z1_ap_ufixed_array_V, i26 %pow_reduce_anonymous_namespace_table_f_Z3_ap_ufixed_array_V, i42 %pow_reduce_anonymous_namespace_table_f_Z2_ap_ufixed_array_V" [C:\scratch\2022.2\hls_product\608\2022.2\src\shared\hls\clib\hlsmath\src\c\powdouble.cpp:7]   --->   Operation 106 'call' 'tmp' <Predicate = true> <Delay = 7.19> <CoreType = "Generic">   --->   Core 0 '' <Latency = 0> <II = 1> <Delay = 1.00> <Generic> <Opcode : >

State 33 <SV = 32> <Delay = 7.19>
ST_33 : Operation 107 [1/1] (0.00ns) (grouped into LUT with out node p_Result_s)   --->   "%trunc_ln779 = trunc i2 %y_3"   --->   Operation 107 'trunc' 'trunc_ln779' <Predicate = true> <Delay = 0.00>
ST_33 : Operation 108 [1/1] (0.00ns) (grouped into LUT with out node p_Result_s)   --->   "%zext_ln779 = zext i1 %trunc_ln779"   --->   Operation 108 'zext' 'zext_ln779' <Predicate = true> <Delay = 0.00>
ST_33 : Operation 109 [1/1] (0.00ns) (grouped into LUT with out node p_Result_s)   --->   "%shl_ln779 = shl i2 1, i2 %zext_ln779"   --->   Operation 109 'shl' 'shl_ln779' <Predicate = true> <Delay = 0.00> <CoreInst = "Shifter">   --->   Core 75 'Shifter' <Latency = 0> <II = 1> <Delay = 1.85> <FuncUnit> <Opcode : 'shl' 'lshr' 'ashr'> <InPorts = 2> <OutPorts = 1>
ST_33 : Operation 110 [1/1] (0.00ns) (grouped into LUT with out node p_Result_s)   --->   "%and_ln779 = and i2 %shl_ln779, i2 %expo1_V_read"   --->   Operation 110 'and' 'and_ln779' <Predicate = true> <Delay = 0.00> <CoreInst = "LogicGate">   --->   Core 74 'LogicGate' <Latency = 0> <II = 1> <Delay = 0.97> <FuncUnit> <Opcode : 'and' 'or' 'xor'> <InPorts = 2> <OutPorts = 1>
ST_33 : Operation 111 [1/1] (1.85ns) (out node of the LUT)   --->   "%p_Result_s = icmp_ne  i2 %and_ln779, i2 0"   --->   Operation 111 'icmp' 'p_Result_s' <Predicate = true> <Delay = 1.85> <CoreInst = "Cmp">   --->   Core 9 'Cmp' <Latency = 0> <II = 1> <Delay = 0.93> <FuncUnit> <Opcode : 'icmp'> <InPorts = 2> <OutPorts = 1>
ST_33 : Operation 112 [9/35] (7.19ns)   --->   "%tmp = call i64 @pow_generic<double>, i64 %y_assign, i58 %pow_reduce_anonymous_namespace_table_exp_Z1_ap_ufixed_array_V, i26 %pow_reduce_anonymous_namespace_table_f_Z3_ap_ufixed_array_V, i42 %pow_reduce_anonymous_namespace_table_f_Z2_ap_ufixed_array_V" [C:\scratch\2022.2\hls_product\608\2022.2\src\shared\hls\clib\hlsmath\src\c\powdouble.cpp:7]   --->   Operation 112 'call' 'tmp' <Predicate = true> <Delay = 7.19> <CoreType = "Generic">   --->   Core 0 '' <Latency = 0> <II = 1> <Delay = 1.00> <Generic> <Opcode : >

State 34 <SV = 33> <Delay = 7.19>
ST_34 : Operation 113 [1/1] (0.00ns)   --->   "%zext_ln113 = zext i1 %p_Result_s" [decoder.cpp:113]   --->   Operation 113 'zext' 'zext_ln113' <Predicate = true> <Delay = 0.00>
ST_34 : Operation 114 [6/6] (6.02ns)   --->   "%conv = sitodp i32 %zext_ln113" [decoder.cpp:113]   --->   Operation 114 'sitodp' 'conv' <Predicate = true> <Delay = 6.02> <CoreInst = "Int2Double">   --->   Core 66 'Int2Double' <Latency = 5> <II = 1> <Delay = 6.02> <FuncUnit> <Opcode : 'sitodp' 'uitodp'> <InPorts = 1> <OutPorts = 1>
ST_34 : Operation 115 [8/35] (7.19ns)   --->   "%tmp = call i64 @pow_generic<double>, i64 %y_assign, i58 %pow_reduce_anonymous_namespace_table_exp_Z1_ap_ufixed_array_V, i26 %pow_reduce_anonymous_namespace_table_f_Z3_ap_ufixed_array_V, i42 %pow_reduce_anonymous_namespace_table_f_Z2_ap_ufixed_array_V" [C:\scratch\2022.2\hls_product\608\2022.2\src\shared\hls\clib\hlsmath\src\c\powdouble.cpp:7]   --->   Operation 115 'call' 'tmp' <Predicate = true> <Delay = 7.19> <CoreType = "Generic">   --->   Core 0 '' <Latency = 0> <II = 1> <Delay = 1.00> <Generic> <Opcode : >

State 35 <SV = 34> <Delay = 7.19>
ST_35 : Operation 116 [5/6] (6.02ns)   --->   "%conv = sitodp i32 %zext_ln113" [decoder.cpp:113]   --->   Operation 116 'sitodp' 'conv' <Predicate = true> <Delay = 6.02> <CoreInst = "Int2Double">   --->   Core 66 'Int2Double' <Latency = 5> <II = 1> <Delay = 6.02> <FuncUnit> <Opcode : 'sitodp' 'uitodp'> <InPorts = 1> <OutPorts = 1>
ST_35 : Operation 117 [7/35] (7.19ns)   --->   "%tmp = call i64 @pow_generic<double>, i64 %y_assign, i58 %pow_reduce_anonymous_namespace_table_exp_Z1_ap_ufixed_array_V, i26 %pow_reduce_anonymous_namespace_table_f_Z3_ap_ufixed_array_V, i42 %pow_reduce_anonymous_namespace_table_f_Z2_ap_ufixed_array_V" [C:\scratch\2022.2\hls_product\608\2022.2\src\shared\hls\clib\hlsmath\src\c\powdouble.cpp:7]   --->   Operation 117 'call' 'tmp' <Predicate = true> <Delay = 7.19> <CoreType = "Generic">   --->   Core 0 '' <Latency = 0> <II = 1> <Delay = 1.00> <Generic> <Opcode : >

State 36 <SV = 35> <Delay = 7.19>
ST_36 : Operation 118 [4/6] (6.02ns)   --->   "%conv = sitodp i32 %zext_ln113" [decoder.cpp:113]   --->   Operation 118 'sitodp' 'conv' <Predicate = true> <Delay = 6.02> <CoreInst = "Int2Double">   --->   Core 66 'Int2Double' <Latency = 5> <II = 1> <Delay = 6.02> <FuncUnit> <Opcode : 'sitodp' 'uitodp'> <InPorts = 1> <OutPorts = 1>
ST_36 : Operation 119 [6/35] (7.19ns)   --->   "%tmp = call i64 @pow_generic<double>, i64 %y_assign, i58 %pow_reduce_anonymous_namespace_table_exp_Z1_ap_ufixed_array_V, i26 %pow_reduce_anonymous_namespace_table_f_Z3_ap_ufixed_array_V, i42 %pow_reduce_anonymous_namespace_table_f_Z2_ap_ufixed_array_V" [C:\scratch\2022.2\hls_product\608\2022.2\src\shared\hls\clib\hlsmath\src\c\powdouble.cpp:7]   --->   Operation 119 'call' 'tmp' <Predicate = true> <Delay = 7.19> <CoreType = "Generic">   --->   Core 0 '' <Latency = 0> <II = 1> <Delay = 1.00> <Generic> <Opcode : >

State 37 <SV = 36> <Delay = 7.19>
ST_37 : Operation 120 [3/6] (6.02ns)   --->   "%conv = sitodp i32 %zext_ln113" [decoder.cpp:113]   --->   Operation 120 'sitodp' 'conv' <Predicate = true> <Delay = 6.02> <CoreInst = "Int2Double">   --->   Core 66 'Int2Double' <Latency = 5> <II = 1> <Delay = 6.02> <FuncUnit> <Opcode : 'sitodp' 'uitodp'> <InPorts = 1> <OutPorts = 1>
ST_37 : Operation 121 [5/35] (7.19ns)   --->   "%tmp = call i64 @pow_generic<double>, i64 %y_assign, i58 %pow_reduce_anonymous_namespace_table_exp_Z1_ap_ufixed_array_V, i26 %pow_reduce_anonymous_namespace_table_f_Z3_ap_ufixed_array_V, i42 %pow_reduce_anonymous_namespace_table_f_Z2_ap_ufixed_array_V" [C:\scratch\2022.2\hls_product\608\2022.2\src\shared\hls\clib\hlsmath\src\c\powdouble.cpp:7]   --->   Operation 121 'call' 'tmp' <Predicate = true> <Delay = 7.19> <CoreType = "Generic">   --->   Core 0 '' <Latency = 0> <II = 1> <Delay = 1.00> <Generic> <Opcode : >

State 38 <SV = 37> <Delay = 7.19>
ST_38 : Operation 122 [2/6] (6.02ns)   --->   "%conv = sitodp i32 %zext_ln113" [decoder.cpp:113]   --->   Operation 122 'sitodp' 'conv' <Predicate = true> <Delay = 6.02> <CoreInst = "Int2Double">   --->   Core 66 'Int2Double' <Latency = 5> <II = 1> <Delay = 6.02> <FuncUnit> <Opcode : 'sitodp' 'uitodp'> <InPorts = 1> <OutPorts = 1>
ST_38 : Operation 123 [4/35] (7.19ns)   --->   "%tmp = call i64 @pow_generic<double>, i64 %y_assign, i58 %pow_reduce_anonymous_namespace_table_exp_Z1_ap_ufixed_array_V, i26 %pow_reduce_anonymous_namespace_table_f_Z3_ap_ufixed_array_V, i42 %pow_reduce_anonymous_namespace_table_f_Z2_ap_ufixed_array_V" [C:\scratch\2022.2\hls_product\608\2022.2\src\shared\hls\clib\hlsmath\src\c\powdouble.cpp:7]   --->   Operation 123 'call' 'tmp' <Predicate = true> <Delay = 7.19> <CoreType = "Generic">   --->   Core 0 '' <Latency = 0> <II = 1> <Delay = 1.00> <Generic> <Opcode : >

State 39 <SV = 38> <Delay = 7.19>
ST_39 : Operation 124 [1/6] (6.02ns)   --->   "%conv = sitodp i32 %zext_ln113" [decoder.cpp:113]   --->   Operation 124 'sitodp' 'conv' <Predicate = true> <Delay = 6.02> <CoreInst = "Int2Double">   --->   Core 66 'Int2Double' <Latency = 5> <II = 1> <Delay = 6.02> <FuncUnit> <Opcode : 'sitodp' 'uitodp'> <InPorts = 1> <OutPorts = 1>
ST_39 : Operation 125 [3/35] (7.19ns)   --->   "%tmp = call i64 @pow_generic<double>, i64 %y_assign, i58 %pow_reduce_anonymous_namespace_table_exp_Z1_ap_ufixed_array_V, i26 %pow_reduce_anonymous_namespace_table_f_Z3_ap_ufixed_array_V, i42 %pow_reduce_anonymous_namespace_table_f_Z2_ap_ufixed_array_V" [C:\scratch\2022.2\hls_product\608\2022.2\src\shared\hls\clib\hlsmath\src\c\powdouble.cpp:7]   --->   Operation 125 'call' 'tmp' <Predicate = true> <Delay = 7.19> <CoreType = "Generic">   --->   Core 0 '' <Latency = 0> <II = 1> <Delay = 1.00> <Generic> <Opcode : >

State 40 <SV = 39> <Delay = 7.19>
ST_40 : Operation 126 [2/35] (7.19ns)   --->   "%tmp = call i64 @pow_generic<double>, i64 %y_assign, i58 %pow_reduce_anonymous_namespace_table_exp_Z1_ap_ufixed_array_V, i26 %pow_reduce_anonymous_namespace_table_f_Z3_ap_ufixed_array_V, i42 %pow_reduce_anonymous_namespace_table_f_Z2_ap_ufixed_array_V" [C:\scratch\2022.2\hls_product\608\2022.2\src\shared\hls\clib\hlsmath\src\c\powdouble.cpp:7]   --->   Operation 126 'call' 'tmp' <Predicate = true> <Delay = 7.19> <CoreType = "Generic">   --->   Core 0 '' <Latency = 0> <II = 1> <Delay = 1.00> <Generic> <Opcode : >

State 41 <SV = 40> <Delay = 6.96>
ST_41 : Operation 127 [1/35] (6.96ns)   --->   "%tmp = call i64 @pow_generic<double>, i64 %y_assign, i58 %pow_reduce_anonymous_namespace_table_exp_Z1_ap_ufixed_array_V, i26 %pow_reduce_anonymous_namespace_table_f_Z3_ap_ufixed_array_V, i42 %pow_reduce_anonymous_namespace_table_f_Z2_ap_ufixed_array_V" [C:\scratch\2022.2\hls_product\608\2022.2\src\shared\hls\clib\hlsmath\src\c\powdouble.cpp:7]   --->   Operation 127 'call' 'tmp' <Predicate = true> <Delay = 6.96> <CoreType = "Generic">   --->   Core 0 '' <Latency = 0> <II = 1> <Delay = 1.00> <Generic> <Opcode : >

State 42 <SV = 41> <Delay = 6.82>
ST_42 : Operation 128 [7/7] (6.82ns)   --->   "%mul = dmul i64 %conv, i64 %tmp" [decoder.cpp:113]   --->   Operation 128 'dmul' 'mul' <Predicate = true> <Delay = 6.82> <CoreInst = "DMul_maxdsp">   --->   Core 49 'DMul_maxdsp' <Latency = 6> <II = 1> <Delay = 6.82> <FuncUnit> <Opcode : 'dmul'> <InPorts = 2> <OutPorts = 1>
ST_42 : Operation 175 [1/1] (0.00ns)   --->   "%exponent1_load = load i32 %exponent1"   --->   Operation 175 'load' 'exponent1_load' <Predicate = (icmp_ln111)> <Delay = 0.00>
ST_42 : Operation 176 [1/1] (0.00ns)   --->   "%write_ln0 = write void @_ssdm_op_Write.ap_auto.i32P0A, i32 %exponent1_out, i32 %exponent1_load"   --->   Operation 176 'write' 'write_ln0' <Predicate = (icmp_ln111)> <Delay = 0.00>
ST_42 : Operation 177 [1/1] (0.00ns)   --->   "%ret_ln0 = ret"   --->   Operation 177 'ret' 'ret_ln0' <Predicate = (icmp_ln111)> <Delay = 0.00>

State 43 <SV = 42> <Delay = 6.82>
ST_43 : Operation 129 [1/1] (0.00ns)   --->   "%exponent1_load_1 = load i32 %exponent1" [decoder.cpp:113]   --->   Operation 129 'load' 'exponent1_load_1' <Predicate = true> <Delay = 0.00>
ST_43 : Operation 130 [6/7] (6.82ns)   --->   "%mul = dmul i64 %conv, i64 %tmp" [decoder.cpp:113]   --->   Operation 130 'dmul' 'mul' <Predicate = true> <Delay = 6.82> <CoreInst = "DMul_maxdsp">   --->   Core 49 'DMul_maxdsp' <Latency = 6> <II = 1> <Delay = 6.82> <FuncUnit> <Opcode : 'dmul'> <InPorts = 2> <OutPorts = 1>
ST_43 : Operation 131 [6/6] (6.02ns)   --->   "%conv2 = sitodp i32 %exponent1_load_1" [decoder.cpp:113]   --->   Operation 131 'sitodp' 'conv2' <Predicate = true> <Delay = 6.02> <CoreInst = "Int2Double">   --->   Core 66 'Int2Double' <Latency = 5> <II = 1> <Delay = 6.02> <FuncUnit> <Opcode : 'sitodp' 'uitodp'> <InPorts = 1> <OutPorts = 1>

State 44 <SV = 43> <Delay = 6.82>
ST_44 : Operation 132 [5/7] (6.82ns)   --->   "%mul = dmul i64 %conv, i64 %tmp" [decoder.cpp:113]   --->   Operation 132 'dmul' 'mul' <Predicate = true> <Delay = 6.82> <CoreInst = "DMul_maxdsp">   --->   Core 49 'DMul_maxdsp' <Latency = 6> <II = 1> <Delay = 6.82> <FuncUnit> <Opcode : 'dmul'> <InPorts = 2> <OutPorts = 1>
ST_44 : Operation 133 [5/6] (6.02ns)   --->   "%conv2 = sitodp i32 %exponent1_load_1" [decoder.cpp:113]   --->   Operation 133 'sitodp' 'conv2' <Predicate = true> <Delay = 6.02> <CoreInst = "Int2Double">   --->   Core 66 'Int2Double' <Latency = 5> <II = 1> <Delay = 6.02> <FuncUnit> <Opcode : 'sitodp' 'uitodp'> <InPorts = 1> <OutPorts = 1>

State 45 <SV = 44> <Delay = 6.82>
ST_45 : Operation 134 [4/7] (6.82ns)   --->   "%mul = dmul i64 %conv, i64 %tmp" [decoder.cpp:113]   --->   Operation 134 'dmul' 'mul' <Predicate = true> <Delay = 6.82> <CoreInst = "DMul_maxdsp">   --->   Core 49 'DMul_maxdsp' <Latency = 6> <II = 1> <Delay = 6.82> <FuncUnit> <Opcode : 'dmul'> <InPorts = 2> <OutPorts = 1>
ST_45 : Operation 135 [4/6] (6.02ns)   --->   "%conv2 = sitodp i32 %exponent1_load_1" [decoder.cpp:113]   --->   Operation 135 'sitodp' 'conv2' <Predicate = true> <Delay = 6.02> <CoreInst = "Int2Double">   --->   Core 66 'Int2Double' <Latency = 5> <II = 1> <Delay = 6.02> <FuncUnit> <Opcode : 'sitodp' 'uitodp'> <InPorts = 1> <OutPorts = 1>

State 46 <SV = 45> <Delay = 6.82>
ST_46 : Operation 136 [3/7] (6.82ns)   --->   "%mul = dmul i64 %conv, i64 %tmp" [decoder.cpp:113]   --->   Operation 136 'dmul' 'mul' <Predicate = true> <Delay = 6.82> <CoreInst = "DMul_maxdsp">   --->   Core 49 'DMul_maxdsp' <Latency = 6> <II = 1> <Delay = 6.82> <FuncUnit> <Opcode : 'dmul'> <InPorts = 2> <OutPorts = 1>
ST_46 : Operation 137 [3/6] (6.02ns)   --->   "%conv2 = sitodp i32 %exponent1_load_1" [decoder.cpp:113]   --->   Operation 137 'sitodp' 'conv2' <Predicate = true> <Delay = 6.02> <CoreInst = "Int2Double">   --->   Core 66 'Int2Double' <Latency = 5> <II = 1> <Delay = 6.02> <FuncUnit> <Opcode : 'sitodp' 'uitodp'> <InPorts = 1> <OutPorts = 1>

State 47 <SV = 46> <Delay = 6.82>
ST_47 : Operation 138 [2/7] (6.82ns)   --->   "%mul = dmul i64 %conv, i64 %tmp" [decoder.cpp:113]   --->   Operation 138 'dmul' 'mul' <Predicate = true> <Delay = 6.82> <CoreInst = "DMul_maxdsp">   --->   Core 49 'DMul_maxdsp' <Latency = 6> <II = 1> <Delay = 6.82> <FuncUnit> <Opcode : 'dmul'> <InPorts = 2> <OutPorts = 1>
ST_47 : Operation 139 [2/6] (6.02ns)   --->   "%conv2 = sitodp i32 %exponent1_load_1" [decoder.cpp:113]   --->   Operation 139 'sitodp' 'conv2' <Predicate = true> <Delay = 6.02> <CoreInst = "Int2Double">   --->   Core 66 'Int2Double' <Latency = 5> <II = 1> <Delay = 6.02> <FuncUnit> <Opcode : 'sitodp' 'uitodp'> <InPorts = 1> <OutPorts = 1>

State 48 <SV = 47> <Delay = 6.82>
ST_48 : Operation 140 [1/7] (6.82ns)   --->   "%mul = dmul i64 %conv, i64 %tmp" [decoder.cpp:113]   --->   Operation 140 'dmul' 'mul' <Predicate = true> <Delay = 6.82> <CoreInst = "DMul_maxdsp">   --->   Core 49 'DMul_maxdsp' <Latency = 6> <II = 1> <Delay = 6.82> <FuncUnit> <Opcode : 'dmul'> <InPorts = 2> <OutPorts = 1>
ST_48 : Operation 141 [1/6] (6.02ns)   --->   "%conv2 = sitodp i32 %exponent1_load_1" [decoder.cpp:113]   --->   Operation 141 'sitodp' 'conv2' <Predicate = true> <Delay = 6.02> <CoreInst = "Int2Double">   --->   Core 66 'Int2Double' <Latency = 5> <II = 1> <Delay = 6.02> <FuncUnit> <Opcode : 'sitodp' 'uitodp'> <InPorts = 1> <OutPorts = 1>

State 49 <SV = 48> <Delay = 5.65>
ST_49 : Operation 142 [8/8] (5.65ns)   --->   "%dc = dadd i64 %conv2, i64 %mul" [decoder.cpp:113]   --->   Operation 142 'dadd' 'dc' <Predicate = true> <Delay = 5.65> <CoreInst = "DAddSub_fulldsp">   --->   Core 37 'DAddSub_fulldsp' <Latency = 7> <II = 1> <Delay = 5.65> <FuncUnit> <Opcode : 'dadd' 'dsub'> <InPorts = 2> <OutPorts = 1>

State 50 <SV = 49> <Delay = 5.65>
ST_50 : Operation 143 [7/8] (5.65ns)   --->   "%dc = dadd i64 %conv2, i64 %mul" [decoder.cpp:113]   --->   Operation 143 'dadd' 'dc' <Predicate = true> <Delay = 5.65> <CoreInst = "DAddSub_fulldsp">   --->   Core 37 'DAddSub_fulldsp' <Latency = 7> <II = 1> <Delay = 5.65> <FuncUnit> <Opcode : 'dadd' 'dsub'> <InPorts = 2> <OutPorts = 1>

State 51 <SV = 50> <Delay = 5.65>
ST_51 : Operation 144 [6/8] (5.65ns)   --->   "%dc = dadd i64 %conv2, i64 %mul" [decoder.cpp:113]   --->   Operation 144 'dadd' 'dc' <Predicate = true> <Delay = 5.65> <CoreInst = "DAddSub_fulldsp">   --->   Core 37 'DAddSub_fulldsp' <Latency = 7> <II = 1> <Delay = 5.65> <FuncUnit> <Opcode : 'dadd' 'dsub'> <InPorts = 2> <OutPorts = 1>

State 52 <SV = 51> <Delay = 5.65>
ST_52 : Operation 145 [5/8] (5.65ns)   --->   "%dc = dadd i64 %conv2, i64 %mul" [decoder.cpp:113]   --->   Operation 145 'dadd' 'dc' <Predicate = true> <Delay = 5.65> <CoreInst = "DAddSub_fulldsp">   --->   Core 37 'DAddSub_fulldsp' <Latency = 7> <II = 1> <Delay = 5.65> <FuncUnit> <Opcode : 'dadd' 'dsub'> <InPorts = 2> <OutPorts = 1>

State 53 <SV = 52> <Delay = 5.65>
ST_53 : Operation 146 [4/8] (5.65ns)   --->   "%dc = dadd i64 %conv2, i64 %mul" [decoder.cpp:113]   --->   Operation 146 'dadd' 'dc' <Predicate = true> <Delay = 5.65> <CoreInst = "DAddSub_fulldsp">   --->   Core 37 'DAddSub_fulldsp' <Latency = 7> <II = 1> <Delay = 5.65> <FuncUnit> <Opcode : 'dadd' 'dsub'> <InPorts = 2> <OutPorts = 1>

State 54 <SV = 53> <Delay = 5.65>
ST_54 : Operation 147 [3/8] (5.65ns)   --->   "%dc = dadd i64 %conv2, i64 %mul" [decoder.cpp:113]   --->   Operation 147 'dadd' 'dc' <Predicate = true> <Delay = 5.65> <CoreInst = "DAddSub_fulldsp">   --->   Core 37 'DAddSub_fulldsp' <Latency = 7> <II = 1> <Delay = 5.65> <FuncUnit> <Opcode : 'dadd' 'dsub'> <InPorts = 2> <OutPorts = 1>

State 55 <SV = 54> <Delay = 5.65>
ST_55 : Operation 148 [2/8] (5.65ns)   --->   "%dc = dadd i64 %conv2, i64 %mul" [decoder.cpp:113]   --->   Operation 148 'dadd' 'dc' <Predicate = true> <Delay = 5.65> <CoreInst = "DAddSub_fulldsp">   --->   Core 37 'DAddSub_fulldsp' <Latency = 7> <II = 1> <Delay = 5.65> <FuncUnit> <Opcode : 'dadd' 'dsub'> <InPorts = 2> <OutPorts = 1>

State 56 <SV = 55> <Delay = 5.65>
ST_56 : Operation 149 [1/8] (5.65ns)   --->   "%dc = dadd i64 %conv2, i64 %mul" [decoder.cpp:113]   --->   Operation 149 'dadd' 'dc' <Predicate = true> <Delay = 5.65> <CoreInst = "DAddSub_fulldsp">   --->   Core 37 'DAddSub_fulldsp' <Latency = 7> <II = 1> <Delay = 5.65> <FuncUnit> <Opcode : 'dadd' 'dsub'> <InPorts = 2> <OutPorts = 1>

State 57 <SV = 56> <Delay = 7.09>
ST_57 : Operation 150 [1/1] (0.00ns)   --->   "%data_V = bitcast i64 %dc" [C:\scratch\2022.2\hls_product\608\2022.2\src\shared\hls\clib/src/hls\utils/x_hls_utils.h:488]   --->   Operation 150 'bitcast' 'data_V' <Predicate = true> <Delay = 0.00>
ST_57 : Operation 151 [1/1] (0.00ns)   --->   "%p_Result_44 = bitselect i1 @_ssdm_op_BitSelect.i1.i64.i32, i64 %data_V, i32 63"   --->   Operation 151 'bitselect' 'p_Result_44' <Predicate = true> <Delay = 0.00>
ST_57 : Operation 152 [1/1] (0.00ns)   --->   "%xs_exp_V = partselect i11 @_ssdm_op_PartSelect.i11.i64.i32.i32, i64 %data_V, i32 52, i32 62"   --->   Operation 152 'partselect' 'xs_exp_V' <Predicate = true> <Delay = 0.00>
ST_57 : Operation 153 [1/1] (0.00ns)   --->   "%p_Result_45 = trunc i64 %data_V"   --->   Operation 153 'trunc' 'p_Result_45' <Predicate = true> <Delay = 0.00>
ST_57 : Operation 154 [1/1] (0.00ns)   --->   "%mantissa = bitconcatenate i54 @_ssdm_op_BitConcatenate.i54.i1.i52.i1, i1 1, i52 %p_Result_45, i1 0" [C:\scratch\2022.2\hls_product\608\2022.2\src\shared\hls\clib/hlsmath/include/FloatingPoint\hls_case_IEEE754.h:15]   --->   Operation 154 'bitconcatenate' 'mantissa' <Predicate = true> <Delay = 0.00>
ST_57 : Operation 155 [1/1] (0.00ns)   --->   "%zext_ln15 = zext i54 %mantissa" [C:\scratch\2022.2\hls_product\608\2022.2\src\shared\hls\clib/hlsmath/include/FloatingPoint\hls_case_IEEE754.h:15]   --->   Operation 155 'zext' 'zext_ln15' <Predicate = true> <Delay = 0.00>
ST_57 : Operation 156 [1/1] (0.00ns)   --->   "%zext_ln515 = zext i11 %xs_exp_V" [C:\scratch\2022.2\hls_product\608\2022.2\src\shared\hls\clib/src/hls\utils/x_hls_utils.h:515]   --->   Operation 156 'zext' 'zext_ln515' <Predicate = true> <Delay = 0.00>
ST_57 : Operation 157 [1/1] (2.12ns)   --->   "%add_ln515 = add i12 %zext_ln515, i12 3073" [C:\scratch\2022.2\hls_product\608\2022.2\src\shared\hls\clib/src/hls\utils/x_hls_utils.h:515]   --->   Operation 157 'add' 'add_ln515' <Predicate = true> <Delay = 2.12> <CoreInst = "Adder">   --->   Core 1 'Adder' <Latency = 0> <II = 1> <Delay = 2.12> <FuncUnit> <Opcode : 'add' 'sub'> <InPorts = 2> <OutPorts = 1>
ST_57 : Operation 158 [1/1] (0.00ns)   --->   "%isNeg = bitselect i1 @_ssdm_op_BitSelect.i1.i12.i32, i12 %add_ln515, i32 11"   --->   Operation 158 'bitselect' 'isNeg' <Predicate = true> <Delay = 0.00>
ST_57 : Operation 159 [1/1] (2.12ns)   --->   "%sub_ln1512 = sub i11 1023, i11 %xs_exp_V"   --->   Operation 159 'sub' 'sub_ln1512' <Predicate = true> <Delay = 2.12> <CoreInst = "Adder">   --->   Core 1 'Adder' <Latency = 0> <II = 1> <Delay = 2.12> <FuncUnit> <Opcode : 'add' 'sub'> <InPorts = 2> <OutPorts = 1>
ST_57 : Operation 160 [1/1] (0.00ns)   --->   "%sext_ln1512 = sext i11 %sub_ln1512"   --->   Operation 160 'sext' 'sext_ln1512' <Predicate = true> <Delay = 0.00>
ST_57 : Operation 161 [1/1] (0.68ns)   --->   "%ush = select i1 %isNeg, i12 %sext_ln1512, i12 %add_ln515"   --->   Operation 161 'select' 'ush' <Predicate = true> <Delay = 0.68> <CoreInst = "Sel">   --->   Core 73 'Sel' <Latency = 0> <II = 1> <Delay = 0.68> <FuncUnit> <Opcode : 'select'> <InPorts = 3> <OutPorts = 1>
ST_57 : Operation 162 [1/1] (0.00ns)   --->   "%sext_ln1488 = sext i12 %ush"   --->   Operation 162 'sext' 'sext_ln1488' <Predicate = true> <Delay = 0.00>
ST_57 : Operation 163 [1/1] (0.00ns)   --->   "%zext_ln1488 = zext i32 %sext_ln1488"   --->   Operation 163 'zext' 'zext_ln1488' <Predicate = true> <Delay = 0.00>
ST_57 : Operation 164 [1/1] (0.00ns) (grouped into LUT with out node val)   --->   "%r_V = lshr i137 %zext_ln15, i137 %zext_ln1488"   --->   Operation 164 'lshr' 'r_V' <Predicate = true> <Delay = 0.00> <CoreInst = "Shifter">   --->   Core 75 'Shifter' <Latency = 0> <II = 1> <Delay = 4.28> <FuncUnit> <Opcode : 'shl' 'lshr' 'ashr'> <InPorts = 2> <OutPorts = 1>
ST_57 : Operation 165 [1/1] (0.00ns) (grouped into LUT with out node val)   --->   "%r_V_21 = shl i137 %zext_ln15, i137 %zext_ln1488"   --->   Operation 165 'shl' 'r_V_21' <Predicate = true> <Delay = 0.00> <CoreInst = "Shifter">   --->   Core 75 'Shifter' <Latency = 0> <II = 1> <Delay = 4.28> <FuncUnit> <Opcode : 'shl' 'lshr' 'ashr'> <InPorts = 2> <OutPorts = 1>
ST_57 : Operation 166 [1/1] (0.00ns) (grouped into LUT with out node val)   --->   "%tmp_22 = bitselect i1 @_ssdm_op_BitSelect.i1.i137.i32, i137 %r_V, i32 53"   --->   Operation 166 'bitselect' 'tmp_22' <Predicate = true> <Delay = 0.00>
ST_57 : Operation 167 [1/1] (0.00ns) (grouped into LUT with out node val)   --->   "%zext_ln818 = zext i1 %tmp_22"   --->   Operation 167 'zext' 'zext_ln818' <Predicate = true> <Delay = 0.00>
ST_57 : Operation 168 [1/1] (0.00ns) (grouped into LUT with out node val)   --->   "%tmp_s = partselect i32 @_ssdm_op_PartSelect.i32.i137.i32.i32, i137 %r_V_21, i32 53, i32 84"   --->   Operation 168 'partselect' 'tmp_s' <Predicate = true> <Delay = 0.00>
ST_57 : Operation 169 [1/1] (4.28ns) (out node of the LUT)   --->   "%val = select i1 %isNeg, i32 %zext_ln818, i32 %tmp_s"   --->   Operation 169 'select' 'val' <Predicate = true> <Delay = 4.28> <CoreInst = "Sel">   --->   Core 73 'Sel' <Latency = 0> <II = 1> <Delay = 0.79> <FuncUnit> <Opcode : 'select'> <InPorts = 3> <OutPorts = 1>

State 58 <SV = 57> <Delay = 5.10>
ST_58 : Operation 170 [1/1] (0.00ns)   --->   "%specloopname_ln779 = specloopname void @_ssdm_op_SpecLoopName, void @empty_15"   --->   Operation 170 'specloopname' 'specloopname_ln779' <Predicate = true> <Delay = 0.00>
ST_58 : Operation 171 [1/1] (2.70ns)   --->   "%result_V_4 = sub i32 0, i32 %val"   --->   Operation 171 'sub' 'result_V_4' <Predicate = (p_Result_44)> <Delay = 2.70> <CoreInst = "Adder">   --->   Core 1 'Adder' <Latency = 0> <II = 1> <Delay = 2.70> <FuncUnit> <Opcode : 'add' 'sub'> <InPorts = 2> <OutPorts = 1>
ST_58 : Operation 172 [1/1] (0.79ns)   --->   "%result_V = select i1 %p_Result_44, i32 %result_V_4, i32 %val" [C:\scratch\2022.2\hls_product\608\2022.2\src\shared\hls\clib/hlsmath/include/FloatingPoint\hls_case_IEEE754.h:59]   --->   Operation 172 'select' 'result_V' <Predicate = true> <Delay = 0.79> <CoreInst = "Sel">   --->   Core 73 'Sel' <Latency = 0> <II = 1> <Delay = 0.79> <FuncUnit> <Opcode : 'select'> <InPorts = 3> <OutPorts = 1>
ST_58 : Operation 173 [1/1] (1.61ns)   --->   "%store_ln111 = store i32 %result_V, i32 %exponent1" [decoder.cpp:111]   --->   Operation 173 'store' 'store_ln111' <Predicate = true> <Delay = 1.61>
ST_58 : Operation 174 [1/1] (0.00ns)   --->   "%br_ln111 = br void %for.inc54" [decoder.cpp:111]   --->   Operation 174 'br' 'br_ln111' <Predicate = true> <Delay = 0.00>


============================================================
+ Verbose Summary: Timing violations
============================================================
Target clock period: 10ns, clock uncertainty: 2.7ns.

 <State 1>: 6.02ns
The critical path consists of the following:
	'alloca' operation ('y') [6]  (0 ns)
	'load' operation ('y') on local variable 'y' [13]  (0 ns)
	'sitodp' operation ('y', decoder.cpp:113) [30]  (6.02 ns)

 <State 2>: 6.02ns
The critical path consists of the following:
	'sitodp' operation ('y', decoder.cpp:113) [30]  (6.02 ns)

 <State 3>: 6.02ns
The critical path consists of the following:
	'sitodp' operation ('y', decoder.cpp:113) [30]  (6.02 ns)

 <State 4>: 6.02ns
The critical path consists of the following:
	'sitodp' operation ('y', decoder.cpp:113) [30]  (6.02 ns)

 <State 5>: 6.02ns
The critical path consists of the following:
	'sitodp' operation ('y', decoder.cpp:113) [30]  (6.02 ns)

 <State 6>: 6.02ns
The critical path consists of the following:
	'sitodp' operation ('y', decoder.cpp:113) [30]  (6.02 ns)

 <State 7>: 4.66ns
The critical path consists of the following:
	'call' operation ('tmp', C:\scratch\2022.2\hls_product\608\2022.2\src\shared\hls\clib\hlsmath\src\c\powdouble.cpp:7) to 'pow_generic<double>' [31]  (4.66 ns)

 <State 8>: 7.2ns
The critical path consists of the following:
	'call' operation ('tmp', C:\scratch\2022.2\hls_product\608\2022.2\src\shared\hls\clib\hlsmath\src\c\powdouble.cpp:7) to 'pow_generic<double>' [31]  (7.2 ns)

 <State 9>: 7.2ns
The critical path consists of the following:
	'call' operation ('tmp', C:\scratch\2022.2\hls_product\608\2022.2\src\shared\hls\clib\hlsmath\src\c\powdouble.cpp:7) to 'pow_generic<double>' [31]  (7.2 ns)

 <State 10>: 7.2ns
The critical path consists of the following:
	'call' operation ('tmp', C:\scratch\2022.2\hls_product\608\2022.2\src\shared\hls\clib\hlsmath\src\c\powdouble.cpp:7) to 'pow_generic<double>' [31]  (7.2 ns)

 <State 11>: 7.2ns
The critical path consists of the following:
	'call' operation ('tmp', C:\scratch\2022.2\hls_product\608\2022.2\src\shared\hls\clib\hlsmath\src\c\powdouble.cpp:7) to 'pow_generic<double>' [31]  (7.2 ns)

 <State 12>: 7.2ns
The critical path consists of the following:
	'call' operation ('tmp', C:\scratch\2022.2\hls_product\608\2022.2\src\shared\hls\clib\hlsmath\src\c\powdouble.cpp:7) to 'pow_generic<double>' [31]  (7.2 ns)

 <State 13>: 7.2ns
The critical path consists of the following:
	'call' operation ('tmp', C:\scratch\2022.2\hls_product\608\2022.2\src\shared\hls\clib\hlsmath\src\c\powdouble.cpp:7) to 'pow_generic<double>' [31]  (7.2 ns)

 <State 14>: 7.2ns
The critical path consists of the following:
	'call' operation ('tmp', C:\scratch\2022.2\hls_product\608\2022.2\src\shared\hls\clib\hlsmath\src\c\powdouble.cpp:7) to 'pow_generic<double>' [31]  (7.2 ns)

 <State 15>: 7.2ns
The critical path consists of the following:
	'call' operation ('tmp', C:\scratch\2022.2\hls_product\608\2022.2\src\shared\hls\clib\hlsmath\src\c\powdouble.cpp:7) to 'pow_generic<double>' [31]  (7.2 ns)

 <State 16>: 7.2ns
The critical path consists of the following:
	'call' operation ('tmp', C:\scratch\2022.2\hls_product\608\2022.2\src\shared\hls\clib\hlsmath\src\c\powdouble.cpp:7) to 'pow_generic<double>' [31]  (7.2 ns)

 <State 17>: 7.2ns
The critical path consists of the following:
	'call' operation ('tmp', C:\scratch\2022.2\hls_product\608\2022.2\src\shared\hls\clib\hlsmath\src\c\powdouble.cpp:7) to 'pow_generic<double>' [31]  (7.2 ns)

 <State 18>: 7.2ns
The critical path consists of the following:
	'call' operation ('tmp', C:\scratch\2022.2\hls_product\608\2022.2\src\shared\hls\clib\hlsmath\src\c\powdouble.cpp:7) to 'pow_generic<double>' [31]  (7.2 ns)

 <State 19>: 7.2ns
The critical path consists of the following:
	'call' operation ('tmp', C:\scratch\2022.2\hls_product\608\2022.2\src\shared\hls\clib\hlsmath\src\c\powdouble.cpp:7) to 'pow_generic<double>' [31]  (7.2 ns)

 <State 20>: 7.2ns
The critical path consists of the following:
	'call' operation ('tmp', C:\scratch\2022.2\hls_product\608\2022.2\src\shared\hls\clib\hlsmath\src\c\powdouble.cpp:7) to 'pow_generic<double>' [31]  (7.2 ns)

 <State 21>: 7.2ns
The critical path consists of the following:
	'call' operation ('tmp', C:\scratch\2022.2\hls_product\608\2022.2\src\shared\hls\clib\hlsmath\src\c\powdouble.cpp:7) to 'pow_generic<double>' [31]  (7.2 ns)

 <State 22>: 7.2ns
The critical path consists of the following:
	'call' operation ('tmp', C:\scratch\2022.2\hls_product\608\2022.2\src\shared\hls\clib\hlsmath\src\c\powdouble.cpp:7) to 'pow_generic<double>' [31]  (7.2 ns)

 <State 23>: 7.2ns
The critical path consists of the following:
	'call' operation ('tmp', C:\scratch\2022.2\hls_product\608\2022.2\src\shared\hls\clib\hlsmath\src\c\powdouble.cpp:7) to 'pow_generic<double>' [31]  (7.2 ns)

 <State 24>: 7.2ns
The critical path consists of the following:
	'call' operation ('tmp', C:\scratch\2022.2\hls_product\608\2022.2\src\shared\hls\clib\hlsmath\src\c\powdouble.cpp:7) to 'pow_generic<double>' [31]  (7.2 ns)

 <State 25>: 7.2ns
The critical path consists of the following:
	'call' operation ('tmp', C:\scratch\2022.2\hls_product\608\2022.2\src\shared\hls\clib\hlsmath\src\c\powdouble.cpp:7) to 'pow_generic<double>' [31]  (7.2 ns)

 <State 26>: 7.2ns
The critical path consists of the following:
	'call' operation ('tmp', C:\scratch\2022.2\hls_product\608\2022.2\src\shared\hls\clib\hlsmath\src\c\powdouble.cpp:7) to 'pow_generic<double>' [31]  (7.2 ns)

 <State 27>: 7.2ns
The critical path consists of the following:
	'call' operation ('tmp', C:\scratch\2022.2\hls_product\608\2022.2\src\shared\hls\clib\hlsmath\src\c\powdouble.cpp:7) to 'pow_generic<double>' [31]  (7.2 ns)

 <State 28>: 7.2ns
The critical path consists of the following:
	'call' operation ('tmp', C:\scratch\2022.2\hls_product\608\2022.2\src\shared\hls\clib\hlsmath\src\c\powdouble.cpp:7) to 'pow_generic<double>' [31]  (7.2 ns)

 <State 29>: 7.2ns
The critical path consists of the following:
	'call' operation ('tmp', C:\scratch\2022.2\hls_product\608\2022.2\src\shared\hls\clib\hlsmath\src\c\powdouble.cpp:7) to 'pow_generic<double>' [31]  (7.2 ns)

 <State 30>: 7.2ns
The critical path consists of the following:
	'call' operation ('tmp', C:\scratch\2022.2\hls_product\608\2022.2\src\shared\hls\clib\hlsmath\src\c\powdouble.cpp:7) to 'pow_generic<double>' [31]  (7.2 ns)

 <State 31>: 7.2ns
The critical path consists of the following:
	'call' operation ('tmp', C:\scratch\2022.2\hls_product\608\2022.2\src\shared\hls\clib\hlsmath\src\c\powdouble.cpp:7) to 'pow_generic<double>' [31]  (7.2 ns)

 <State 32>: 7.2ns
The critical path consists of the following:
	'call' operation ('tmp', C:\scratch\2022.2\hls_product\608\2022.2\src\shared\hls\clib\hlsmath\src\c\powdouble.cpp:7) to 'pow_generic<double>' [31]  (7.2 ns)

 <State 33>: 7.2ns
The critical path consists of the following:
	'call' operation ('tmp', C:\scratch\2022.2\hls_product\608\2022.2\src\shared\hls\clib\hlsmath\src\c\powdouble.cpp:7) to 'pow_generic<double>' [31]  (7.2 ns)

 <State 34>: 7.2ns
The critical path consists of the following:
	'call' operation ('tmp', C:\scratch\2022.2\hls_product\608\2022.2\src\shared\hls\clib\hlsmath\src\c\powdouble.cpp:7) to 'pow_generic<double>' [31]  (7.2 ns)

 <State 35>: 7.2ns
The critical path consists of the following:
	'call' operation ('tmp', C:\scratch\2022.2\hls_product\608\2022.2\src\shared\hls\clib\hlsmath\src\c\powdouble.cpp:7) to 'pow_generic<double>' [31]  (7.2 ns)

 <State 36>: 7.2ns
The critical path consists of the following:
	'call' operation ('tmp', C:\scratch\2022.2\hls_product\608\2022.2\src\shared\hls\clib\hlsmath\src\c\powdouble.cpp:7) to 'pow_generic<double>' [31]  (7.2 ns)

 <State 37>: 7.2ns
The critical path consists of the following:
	'call' operation ('tmp', C:\scratch\2022.2\hls_product\608\2022.2\src\shared\hls\clib\hlsmath\src\c\powdouble.cpp:7) to 'pow_generic<double>' [31]  (7.2 ns)

 <State 38>: 7.2ns
The critical path consists of the following:
	'call' operation ('tmp', C:\scratch\2022.2\hls_product\608\2022.2\src\shared\hls\clib\hlsmath\src\c\powdouble.cpp:7) to 'pow_generic<double>' [31]  (7.2 ns)

 <State 39>: 7.2ns
The critical path consists of the following:
	'call' operation ('tmp', C:\scratch\2022.2\hls_product\608\2022.2\src\shared\hls\clib\hlsmath\src\c\powdouble.cpp:7) to 'pow_generic<double>' [31]  (7.2 ns)

 <State 40>: 7.2ns
The critical path consists of the following:
	'call' operation ('tmp', C:\scratch\2022.2\hls_product\608\2022.2\src\shared\hls\clib\hlsmath\src\c\powdouble.cpp:7) to 'pow_generic<double>' [31]  (7.2 ns)

 <State 41>: 6.96ns
The critical path consists of the following:
	'call' operation ('tmp', C:\scratch\2022.2\hls_product\608\2022.2\src\shared\hls\clib\hlsmath\src\c\powdouble.cpp:7) to 'pow_generic<double>' [31]  (6.96 ns)

 <State 42>: 6.83ns
The critical path consists of the following:
	'dmul' operation ('mul', decoder.cpp:113) [32]  (6.83 ns)

 <State 43>: 6.83ns
The critical path consists of the following:
	'dmul' operation ('mul', decoder.cpp:113) [32]  (6.83 ns)

 <State 44>: 6.83ns
The critical path consists of the following:
	'dmul' operation ('mul', decoder.cpp:113) [32]  (6.83 ns)

 <State 45>: 6.83ns
The critical path consists of the following:
	'dmul' operation ('mul', decoder.cpp:113) [32]  (6.83 ns)

 <State 46>: 6.83ns
The critical path consists of the following:
	'dmul' operation ('mul', decoder.cpp:113) [32]  (6.83 ns)

 <State 47>: 6.83ns
The critical path consists of the following:
	'dmul' operation ('mul', decoder.cpp:113) [32]  (6.83 ns)

 <State 48>: 6.83ns
The critical path consists of the following:
	'dmul' operation ('mul', decoder.cpp:113) [32]  (6.83 ns)

 <State 49>: 5.65ns
The critical path consists of the following:
	'dadd' operation ('x', decoder.cpp:113) [34]  (5.65 ns)

 <State 50>: 5.65ns
The critical path consists of the following:
	'dadd' operation ('x', decoder.cpp:113) [34]  (5.65 ns)

 <State 51>: 5.65ns
The critical path consists of the following:
	'dadd' operation ('x', decoder.cpp:113) [34]  (5.65 ns)

 <State 52>: 5.65ns
The critical path consists of the following:
	'dadd' operation ('x', decoder.cpp:113) [34]  (5.65 ns)

 <State 53>: 5.65ns
The critical path consists of the following:
	'dadd' operation ('x', decoder.cpp:113) [34]  (5.65 ns)

 <State 54>: 5.65ns
The critical path consists of the following:
	'dadd' operation ('x', decoder.cpp:113) [34]  (5.65 ns)

 <State 55>: 5.65ns
The critical path consists of the following:
	'dadd' operation ('x', decoder.cpp:113) [34]  (5.65 ns)

 <State 56>: 5.65ns
The critical path consists of the following:
	'dadd' operation ('x', decoder.cpp:113) [34]  (5.65 ns)

 <State 57>: 7.09ns
The critical path consists of the following:
	'sub' operation ('sub_ln1512') [44]  (2.13 ns)
	'select' operation ('ush') [46]  (0.682 ns)
	'shl' operation ('r.V') [50]  (0 ns)
	'select' operation ('val') [54]  (4.29 ns)

 <State 58>: 5.11ns
The critical path consists of the following:
	'sub' operation ('result.V') [55]  (2.7 ns)
	'select' operation ('result.V', C:\scratch\2022.2\hls_product\608\2022.2\src\shared\hls\clib/hlsmath/include/FloatingPoint\hls_case_IEEE754.h:59) [56]  (0.796 ns)
	'store' operation ('store_ln111', decoder.cpp:111) of variable 'result.V', C:\scratch\2022.2\hls_product\608\2022.2\src\shared\hls\clib/hlsmath/include/FloatingPoint\hls_case_IEEE754.h:59 on local variable 'exponent1' [57]  (1.61 ns)


============================================================
+ Verbose Summary: Binding
============================================================
N/A
* FSMD analyzer results:
  - Output states:
 - Input state : 
  - Chain level:
	State 1
	State 2
	State 3
	State 4
	State 5
	State 6
	State 7
	State 8
	State 9
	State 10
	State 11
	State 12
	State 13
	State 14
	State 15
	State 16
	State 17
	State 18
	State 19
	State 20
	State 21
	State 22
	State 23
	State 24
	State 25
	State 26
	State 27
	State 28
	State 29
	State 30
	State 31
	State 32
	State 33
	State 34
	State 35
	State 36
	State 37
	State 38
	State 39
	State 40
	State 41
	State 42
	State 43
	State 44
	State 45
	State 46
	State 47
	State 48
	State 49
	State 50
	State 51
	State 52
	State 53
	State 54
	State 55
	State 56
	State 57
	State 58


============================================================
+ Verbose Summary: Datapath Resource usage 
============================================================
N/A
