

================================================================
== Vitis HLS Report for 'decoder_Pipeline_decoder_label8'
================================================================
* Date:           Sat Nov  9 22:01:45 2024

* Version:        2022.2 (Build 3670227 on Oct 13 2022)
* Project:        POSIT_HLS
* Solution:       solution1 (Vivado IP Flow Target)
* Product family: artix7
* Target device:  xc7a12ti-csg325-1L


================================================================
== Performance Estimates
================================================================
+ Timing: 
    * Summary: 
    +--------+----------+----------+------------+
    |  Clock |  Target  | Estimated| Uncertainty|
    +--------+----------+----------+------------+
    |ap_clk  |  10.00 ns|  3.471 ns|     2.70 ns|
    +--------+----------+----------+------------+

+ Latency: 
    * Summary: 
    +---------+---------+----------+----------+-----+-----+---------+
    |  Latency (cycles) |  Latency (absolute) |  Interval | Pipeline|
    |   min   |   max   |    min   |    max   | min | max |   Type  |
    +---------+---------+----------+----------+-----+-----+---------+
    |       31|       31|  0.310 us|  0.310 us|   31|   31|       no|
    +---------+---------+----------+----------+-----+-----+---------+

    + Detail: 
        * Instance: 
        N/A

        * Loop: 
        +------------------+---------+---------+----------+-----------+-----------+------+----------+
        |                  |  Latency (cycles) | Iteration|  Initiation Interval  | Trip |          |
        |     Loop Name    |   min   |   max   |  Latency |  achieved |   target  | Count| Pipelined|
        +------------------+---------+---------+----------+-----------+-----------+------+----------+
        |- decoder_label8  |       29|       29|         1|          1|          1|    29|       yes|
        +------------------+---------+---------+----------+-----------+-----------+------+----------+

============================================================
+ Verbose Summary: Synthesis Manager
============================================================
InlineROM: 1
ExposeGlobal: 0
============================================================
+ Verbose Summary: CDFG Model
============================================================
IsTopModel: 0
ResetActiveHigh: 1
IsCombinational: 0
IsDatapathOnly: 0
HasWiredReturn: 1
HasMFsm: 2
HasVarLatency: 1
IsPipeline: 0
IsRtlPipelined: 0
IsInstanceOverlapped: 0
IsDontTouch: 0
HasImplIP: 0
IsGatedGlobalClock: 0

+ Individual pipeline summary: 
  * Pipeline-0: initiation interval (II) = 1, depth = 2


============================================================
+ Verbose Summary: Schedule
============================================================
* Number of FSM states : 2
* Pipeline : 1
  Pipeline-0 : II = 1, D = 2, States = { 1 2 }
* Dataflow Pipeline: 0

* FSM state transitions: 
1 --> 2 
2 --> 

* FSM state operations: 

State 1 <SV = 0> <Delay = 1.61>
ST_1 : Operation 4 [1/1] (0.00ns)   --->   "%p_Val2_s = alloca i32 1"   --->   Operation 4 'alloca' 'p_Val2_s' <Predicate = true> <Delay = 0.00>
ST_1 : Operation 5 [1/1] (0.00ns)   --->   "%p_Val2_11 = alloca i32 1"   --->   Operation 5 'alloca' 'p_Val2_11' <Predicate = true> <Delay = 0.00>
ST_1 : Operation 6 [1/1] (0.00ns)   --->   "%j = alloca i32 1"   --->   Operation 6 'alloca' 'j' <Predicate = true> <Delay = 0.00>
ST_1 : Operation 7 [1/1] (0.00ns)   --->   "%mant2_new_V_1_reload_read = read i29 @_ssdm_op_Read.ap_auto.i29, i29 %mant2_new_V_1_reload"   --->   Operation 7 'read' 'mant2_new_V_1_reload_read' <Predicate = true> <Delay = 0.00>
ST_1 : Operation 8 [1/1] (0.00ns)   --->   "%mant1_new_new_V_1_reload_read = read i29 @_ssdm_op_Read.ap_auto.i29, i29 %mant1_new_new_V_1_reload"   --->   Operation 8 'read' 'mant1_new_new_V_1_reload_read' <Predicate = true> <Delay = 0.00>
ST_1 : Operation 9 [1/1] (1.61ns)   --->   "%store_ln0 = store i5 0, i5 %j"   --->   Operation 9 'store' 'store_ln0' <Predicate = true> <Delay = 1.61>
ST_1 : Operation 10 [1/1] (1.61ns)   --->   "%store_ln0 = store i29 0, i29 %p_Val2_11"   --->   Operation 10 'store' 'store_ln0' <Predicate = true> <Delay = 1.61>
ST_1 : Operation 11 [1/1] (1.61ns)   --->   "%store_ln0 = store i29 0, i29 %p_Val2_s"   --->   Operation 11 'store' 'store_ln0' <Predicate = true> <Delay = 1.61>
ST_1 : Operation 12 [1/1] (0.00ns)   --->   "%br_ln0 = br void %for.inc170"   --->   Operation 12 'br' 'br_ln0' <Predicate = true> <Delay = 0.00>

State 2 <SV = 1> <Delay = 3.47>
ST_2 : Operation 13 [1/1] (0.00ns)   --->   "%j_3 = load i5 %j" [decoder.cpp:189]   --->   Operation 13 'load' 'j_3' <Predicate = true> <Delay = 0.00>
ST_2 : Operation 14 [1/1] (0.00ns)   --->   "%specpipeline_ln0 = specpipeline void @_ssdm_op_SpecPipeline, i32 4294967295, i32 0, i32 1, i32 0, void @p_str"   --->   Operation 14 'specpipeline' 'specpipeline_ln0' <Predicate = true> <Delay = 0.00>
ST_2 : Operation 15 [1/1] (1.44ns)   --->   "%icmp_ln189 = icmp_eq  i5 %j_3, i5 29" [decoder.cpp:189]   --->   Operation 15 'icmp' 'icmp_ln189' <Predicate = true> <Delay = 1.44> <CoreInst = "Cmp">   --->   Core 9 'Cmp' <Latency = 0> <II = 1> <Delay = 1.44> <FuncUnit> <Opcode : 'icmp'> <InPorts = 2> <OutPorts = 1>
ST_2 : Operation 16 [1/1] (0.00ns)   --->   "%speclooptripcount_ln0 = speclooptripcount void @_ssdm_op_SpecLoopTripCount, i64 29, i64 29, i64 29"   --->   Operation 16 'speclooptripcount' 'speclooptripcount_ln0' <Predicate = true> <Delay = 0.00>
ST_2 : Operation 17 [1/1] (1.86ns)   --->   "%j_4 = add i5 %j_3, i5 1" [decoder.cpp:189]   --->   Operation 17 'add' 'j_4' <Predicate = true> <Delay = 1.86> <CoreInst = "Adder">   --->   Core 1 'Adder' <Latency = 0> <II = 1> <Delay = 1.86> <FuncUnit> <Opcode : 'add' 'sub'> <InPorts = 2> <OutPorts = 1>
ST_2 : Operation 18 [1/1] (0.00ns)   --->   "%br_ln189 = br i1 %icmp_ln189, void %for.inc170.split, void %decoder_label10.loopexit.exitStub" [decoder.cpp:189]   --->   Operation 18 'br' 'br_ln189' <Predicate = true> <Delay = 0.00>
ST_2 : Operation 19 [1/1] (0.00ns)   --->   "%p_Val2_load_2 = load i29 %p_Val2_s"   --->   Operation 19 'load' 'p_Val2_load_2' <Predicate = (!icmp_ln189)> <Delay = 0.00>
ST_2 : Operation 20 [1/1] (0.00ns)   --->   "%p_Val2_11_load_1 = load i29 %p_Val2_11"   --->   Operation 20 'load' 'p_Val2_11_load_1' <Predicate = (!icmp_ln189)> <Delay = 0.00>
ST_2 : Operation 21 [1/1] (0.00ns)   --->   "%trunc_ln779_7_cast = zext i5 %j_3" [decoder.cpp:189]   --->   Operation 21 'zext' 'trunc_ln779_7_cast' <Predicate = (!icmp_ln189)> <Delay = 0.00>
ST_2 : Operation 22 [1/1] (0.00ns)   --->   "%specloopname_ln779 = specloopname void @_ssdm_op_SpecLoopName, void @empty_10"   --->   Operation 22 'specloopname' 'specloopname_ln779' <Predicate = (!icmp_ln189)> <Delay = 0.00>
ST_2 : Operation 23 [1/1] (0.00ns)   --->   "%zext_ln779 = zext i5 %j_3"   --->   Operation 23 'zext' 'zext_ln779' <Predicate = (!icmp_ln189)> <Delay = 0.00>
ST_2 : Operation 24 [1/1] (0.00ns)   --->   "%p_Result_s = bitselect i1 @_ssdm_op_BitSelect.i1.i29.i29, i29 %mant1_new_new_V_1_reload_read, i29 %zext_ln779"   --->   Operation 24 'bitselect' 'p_Result_s' <Predicate = (!icmp_ln189)> <Delay = 0.00>
ST_2 : Operation 25 [1/1] (0.00ns)   --->   "%p_Result_20 = bitset i29 @_ssdm_op_BitSet.i29.i29.i32.i1, i29 %p_Val2_load_2, i32 %trunc_ln779_7_cast, i1 %p_Result_s"   --->   Operation 25 'bitset' 'p_Result_20' <Predicate = (!icmp_ln189)> <Delay = 0.00>
ST_2 : Operation 26 [1/1] (0.00ns)   --->   "%p_Result_18 = bitselect i1 @_ssdm_op_BitSelect.i1.i29.i29, i29 %mant2_new_V_1_reload_read, i29 %zext_ln779"   --->   Operation 26 'bitselect' 'p_Result_18' <Predicate = (!icmp_ln189)> <Delay = 0.00>
ST_2 : Operation 27 [1/1] (0.00ns)   --->   "%p_Result_21 = bitset i29 @_ssdm_op_BitSet.i29.i29.i32.i1, i29 %p_Val2_11_load_1, i32 %trunc_ln779_7_cast, i1 %p_Result_18"   --->   Operation 27 'bitset' 'p_Result_21' <Predicate = (!icmp_ln189)> <Delay = 0.00>
ST_2 : Operation 28 [1/1] (1.61ns)   --->   "%store_ln189 = store i5 %j_4, i5 %j" [decoder.cpp:189]   --->   Operation 28 'store' 'store_ln189' <Predicate = (!icmp_ln189)> <Delay = 1.61>
ST_2 : Operation 29 [1/1] (1.61ns)   --->   "%store_ln189 = store i29 %p_Result_21, i29 %p_Val2_11" [decoder.cpp:189]   --->   Operation 29 'store' 'store_ln189' <Predicate = (!icmp_ln189)> <Delay = 1.61>
ST_2 : Operation 30 [1/1] (1.61ns)   --->   "%store_ln189 = store i29 %p_Result_20, i29 %p_Val2_s" [decoder.cpp:189]   --->   Operation 30 'store' 'store_ln189' <Predicate = (!icmp_ln189)> <Delay = 1.61>
ST_2 : Operation 31 [1/1] (0.00ns)   --->   "%br_ln189 = br void %for.inc170" [decoder.cpp:189]   --->   Operation 31 'br' 'br_ln189' <Predicate = (!icmp_ln189)> <Delay = 0.00>
ST_2 : Operation 32 [1/1] (0.00ns)   --->   "%p_Val2_load = load i29 %p_Val2_s"   --->   Operation 32 'load' 'p_Val2_load' <Predicate = (icmp_ln189)> <Delay = 0.00>
ST_2 : Operation 33 [1/1] (0.00ns)   --->   "%p_Val2_11_load = load i29 %p_Val2_11"   --->   Operation 33 'load' 'p_Val2_11_load' <Predicate = (icmp_ln189)> <Delay = 0.00>
ST_2 : Operation 34 [1/1] (0.00ns)   --->   "%write_ln0 = write void @_ssdm_op_Write.ap_auto.i29P0A, i29 %mant2_final_V_7_out, i29 %p_Val2_11_load"   --->   Operation 34 'write' 'write_ln0' <Predicate = (icmp_ln189)> <Delay = 0.00>
ST_2 : Operation 35 [1/1] (0.00ns)   --->   "%write_ln0 = write void @_ssdm_op_Write.ap_auto.i29P0A, i29 %mant1_final_V_7_out, i29 %p_Val2_load"   --->   Operation 35 'write' 'write_ln0' <Predicate = (icmp_ln189)> <Delay = 0.00>
ST_2 : Operation 36 [1/1] (0.00ns)   --->   "%ret_ln0 = ret"   --->   Operation 36 'ret' 'ret_ln0' <Predicate = (icmp_ln189)> <Delay = 0.00>


============================================================
+ Verbose Summary: Timing violations
============================================================
Target clock period: 10ns, clock uncertainty: 2.7ns.

 <State 1>: 1.61ns
The critical path consists of the following:
	'alloca' operation ('j') [7]  (0 ns)
	'store' operation ('store_ln0') of constant 0 on local variable 'j' [10]  (1.61 ns)

 <State 2>: 3.47ns
The critical path consists of the following:
	'load' operation ('j', decoder.cpp:189) on local variable 'j' [15]  (0 ns)
	'add' operation ('j', decoder.cpp:189) [19]  (1.86 ns)
	'store' operation ('store_ln189', decoder.cpp:189) of variable 'j', decoder.cpp:189 on local variable 'j' [31]  (1.61 ns)


============================================================
+ Verbose Summary: Binding
============================================================
N/A
* FSMD analyzer results:
  - Output states:
 - Input state : 
  - Chain level:
	State 1
	State 2


============================================================
+ Verbose Summary: Datapath Resource usage 
============================================================
N/A
