

================================================================
== Vitis HLS Report for 'decoder_Pipeline_decoder_label4'
================================================================
* Date:           Sat Nov  9 22:01:43 2024

* Version:        2022.2 (Build 3670227 on Oct 13 2022)
* Project:        POSIT_HLS
* Solution:       solution1 (Vivado IP Flow Target)
* Product family: artix7
* Target device:  xc7a12ti-csg325-1L


================================================================
== Performance Estimates
================================================================
+ Timing: 
    * Summary: 
    +--------+----------+----------+------------+
    |  Clock |  Target  | Estimated| Uncertainty|
    +--------+----------+----------+------------+
    |ap_clk  |  10.00 ns|  3.556 ns|     2.70 ns|
    +--------+----------+----------+------------+

+ Latency: 
    * Summary: 
    +---------+---------+----------+----------+-----+-----+---------+
    |  Latency (cycles) |  Latency (absolute) |  Interval | Pipeline|
    |   min   |   max   |    min   |    max   | min | max |   Type  |
    +---------+---------+----------+----------+-----+-----+---------+
    |       30|       30|  0.300 us|  0.300 us|   30|   30|       no|
    +---------+---------+----------+----------+-----+-----+---------+

    + Detail: 
        * Instance: 
        N/A

        * Loop: 
        +------------------+---------+---------+----------+-----------+-----------+------+----------+
        |                  |  Latency (cycles) | Iteration|  Initiation Interval  | Trip |          |
        |     Loop Name    |   min   |   max   |  Latency |  achieved |   target  | Count| Pipelined|
        +------------------+---------+---------+----------+-----------+-----------+------+----------+
        |- decoder_label4  |       28|       28|         1|          1|          1|    28|       yes|
        +------------------+---------+---------+----------+-----------+-----------+------+----------+

============================================================
+ Verbose Summary: Synthesis Manager
============================================================
InlineROM: 1
ExposeGlobal: 0
============================================================
+ Verbose Summary: CDFG Model
============================================================
IsTopModel: 0
ResetActiveHigh: 1
IsCombinational: 0
IsDatapathOnly: 0
HasWiredReturn: 1
HasMFsm: 2
HasVarLatency: 1
IsPipeline: 0
IsRtlPipelined: 0
IsInstanceOverlapped: 0
IsDontTouch: 0
HasImplIP: 0
IsGatedGlobalClock: 0

+ Individual pipeline summary: 
  * Pipeline-0: initiation interval (II) = 1, depth = 2


============================================================
+ Verbose Summary: Schedule
============================================================
* Number of FSM states : 2
* Pipeline : 1
  Pipeline-0 : II = 1, D = 2, States = { 1 2 }
* Dataflow Pipeline: 0

* FSM state transitions: 
1 --> 2 
2 --> 

* FSM state operations: 

State 1 <SV = 0> <Delay = 1.61>
ST_1 : Operation 4 [1/1] (0.00ns)   --->   "%j = alloca i32 1"   --->   Operation 4 'alloca' 'j' <Predicate = true> <Delay = 0.00>
ST_1 : Operation 5 [1/1] (0.00ns)   --->   "%p_Val2_s = alloca i32 1"   --->   Operation 5 'alloca' 'p_Val2_s' <Predicate = true> <Delay = 0.00>
ST_1 : Operation 6 [1/1] (0.00ns)   --->   "%p_Val2_13 = alloca i32 1"   --->   Operation 6 'alloca' 'p_Val2_13' <Predicate = true> <Delay = 0.00>
ST_1 : Operation 7 [1/1] (0.00ns)   --->   "%p_Result_70_read = read i28 @_ssdm_op_Read.ap_auto.i28, i28 %p_Result_70"   --->   Operation 7 'read' 'p_Result_70_read' <Predicate = true> <Delay = 0.00>
ST_1 : Operation 8 [1/1] (0.00ns)   --->   "%p_Result_68_read = read i28 @_ssdm_op_Read.ap_auto.i28, i28 %p_Result_68"   --->   Operation 8 'read' 'p_Result_68_read' <Predicate = true> <Delay = 0.00>
ST_1 : Operation 9 [1/1] (1.61ns)   --->   "%store_ln0 = store i29 268435456, i29 %p_Val2_13"   --->   Operation 9 'store' 'store_ln0' <Predicate = true> <Delay = 1.61>
ST_1 : Operation 10 [1/1] (1.61ns)   --->   "%store_ln0 = store i29 268435456, i29 %p_Val2_s"   --->   Operation 10 'store' 'store_ln0' <Predicate = true> <Delay = 1.61>
ST_1 : Operation 11 [1/1] (1.61ns)   --->   "%store_ln0 = store i6 27, i6 %j"   --->   Operation 11 'store' 'store_ln0' <Predicate = true> <Delay = 1.61>
ST_1 : Operation 12 [1/1] (0.00ns)   --->   "%br_ln0 = br void %for.cond90"   --->   Operation 12 'br' 'br_ln0' <Predicate = true> <Delay = 0.00>

State 2 <SV = 1> <Delay = 3.55>
ST_2 : Operation 13 [1/1] (0.00ns)   --->   "%k = load i6 %j"   --->   Operation 13 'load' 'k' <Predicate = true> <Delay = 0.00>
ST_2 : Operation 14 [1/1] (0.00ns)   --->   "%specpipeline_ln0 = specpipeline void @_ssdm_op_SpecPipeline, i32 4294967295, i32 0, i32 1, i32 0, void @p_str"   --->   Operation 14 'specpipeline' 'specpipeline_ln0' <Predicate = true> <Delay = 0.00>
ST_2 : Operation 15 [1/1] (0.00ns)   --->   "%tmp = bitselect i1 @_ssdm_op_BitSelect.i1.i6.i32, i6 %k, i32 5" [decoder.cpp:135]   --->   Operation 15 'bitselect' 'tmp' <Predicate = true> <Delay = 0.00>
ST_2 : Operation 16 [1/1] (0.00ns)   --->   "%speclooptripcount_ln0 = speclooptripcount void @_ssdm_op_SpecLoopTripCount, i64 28, i64 28, i64 28"   --->   Operation 16 'speclooptripcount' 'speclooptripcount_ln0' <Predicate = true> <Delay = 0.00>
ST_2 : Operation 17 [1/1] (0.00ns)   --->   "%br_ln135 = br i1 %tmp, void %for.inc102, void %for.end104.exitStub" [decoder.cpp:135]   --->   Operation 17 'br' 'br_ln135' <Predicate = true> <Delay = 0.00>
ST_2 : Operation 18 [1/1] (0.00ns)   --->   "%p_Val2_load_6 = load i29 %p_Val2_s"   --->   Operation 18 'load' 'p_Val2_load_6' <Predicate = (!tmp)> <Delay = 0.00>
ST_2 : Operation 19 [1/1] (0.00ns)   --->   "%p_Val2_13_load_1 = load i29 %p_Val2_13"   --->   Operation 19 'load' 'p_Val2_13_load_1' <Predicate = (!tmp)> <Delay = 0.00>
ST_2 : Operation 20 [1/1] (0.00ns)   --->   "%k_cast = zext i6 %k"   --->   Operation 20 'zext' 'k_cast' <Predicate = (!tmp)> <Delay = 0.00>
ST_2 : Operation 21 [1/1] (0.00ns)   --->   "%specloopname_ln779 = specloopname void @_ssdm_op_SpecLoopName, void @empty_13"   --->   Operation 21 'specloopname' 'specloopname_ln779' <Predicate = (!tmp)> <Delay = 0.00>
ST_2 : Operation 22 [1/1] (0.00ns)   --->   "%trunc_ln779 = trunc i6 %k"   --->   Operation 22 'trunc' 'trunc_ln779' <Predicate = (!tmp)> <Delay = 0.00>
ST_2 : Operation 23 [1/1] (0.00ns)   --->   "%zext_ln779 = zext i5 %trunc_ln779"   --->   Operation 23 'zext' 'zext_ln779' <Predicate = (!tmp)> <Delay = 0.00>
ST_2 : Operation 24 [1/1] (0.00ns)   --->   "%p_Result_s = bitselect i1 @_ssdm_op_BitSelect.i1.i28.i28, i28 %p_Result_68_read, i28 %zext_ln779"   --->   Operation 24 'bitselect' 'p_Result_s' <Predicate = (!tmp)> <Delay = 0.00>
ST_2 : Operation 25 [1/1] (0.00ns)   --->   "%p_Result_34 = bitset i29 @_ssdm_op_BitSet.i29.i29.i32.i1, i29 %p_Val2_load_6, i32 %k_cast, i1 %p_Result_s"   --->   Operation 25 'bitset' 'p_Result_34' <Predicate = (!tmp)> <Delay = 0.00>
ST_2 : Operation 26 [1/1] (0.00ns)   --->   "%p_Result_32 = bitselect i1 @_ssdm_op_BitSelect.i1.i28.i28, i28 %p_Result_70_read, i28 %zext_ln779"   --->   Operation 26 'bitselect' 'p_Result_32' <Predicate = (!tmp)> <Delay = 0.00>
ST_2 : Operation 27 [1/1] (0.00ns)   --->   "%p_Result_35 = bitset i29 @_ssdm_op_BitSet.i29.i29.i32.i1, i29 %p_Val2_13_load_1, i32 %k_cast, i1 %p_Result_32"   --->   Operation 27 'bitset' 'p_Result_35' <Predicate = (!tmp)> <Delay = 0.00>
ST_2 : Operation 28 [1/1] (1.94ns)   --->   "%k_1 = add i6 %k, i6 63" [decoder.cpp:135]   --->   Operation 28 'add' 'k_1' <Predicate = (!tmp)> <Delay = 1.94> <CoreInst = "Adder">   --->   Core 1 'Adder' <Latency = 0> <II = 1> <Delay = 1.94> <FuncUnit> <Opcode : 'add' 'sub'> <InPorts = 2> <OutPorts = 1>
ST_2 : Operation 29 [1/1] (1.61ns)   --->   "%store_ln135 = store i29 %p_Result_35, i29 %p_Val2_13" [decoder.cpp:135]   --->   Operation 29 'store' 'store_ln135' <Predicate = (!tmp)> <Delay = 1.61>
ST_2 : Operation 30 [1/1] (1.61ns)   --->   "%store_ln135 = store i29 %p_Result_34, i29 %p_Val2_s" [decoder.cpp:135]   --->   Operation 30 'store' 'store_ln135' <Predicate = (!tmp)> <Delay = 1.61>
ST_2 : Operation 31 [1/1] (1.61ns)   --->   "%store_ln135 = store i6 %k_1, i6 %j" [decoder.cpp:135]   --->   Operation 31 'store' 'store_ln135' <Predicate = (!tmp)> <Delay = 1.61>
ST_2 : Operation 32 [1/1] (0.00ns)   --->   "%br_ln135 = br void %for.cond90" [decoder.cpp:135]   --->   Operation 32 'br' 'br_ln135' <Predicate = (!tmp)> <Delay = 0.00>
ST_2 : Operation 33 [1/1] (0.00ns)   --->   "%p_Val2_load = load i29 %p_Val2_s"   --->   Operation 33 'load' 'p_Val2_load' <Predicate = (tmp)> <Delay = 0.00>
ST_2 : Operation 34 [1/1] (0.00ns)   --->   "%p_Val2_13_load = load i29 %p_Val2_13"   --->   Operation 34 'load' 'p_Val2_13_load' <Predicate = (tmp)> <Delay = 0.00>
ST_2 : Operation 35 [1/1] (0.00ns)   --->   "%write_ln0 = write void @_ssdm_op_Write.ap_auto.i29P0A, i29 %mant2_new_V_1_out, i29 %p_Val2_13_load"   --->   Operation 35 'write' 'write_ln0' <Predicate = (tmp)> <Delay = 0.00>
ST_2 : Operation 36 [1/1] (0.00ns)   --->   "%write_ln0 = write void @_ssdm_op_Write.ap_auto.i29P0A, i29 %mant1_new_V_1_out, i29 %p_Val2_load"   --->   Operation 36 'write' 'write_ln0' <Predicate = (tmp)> <Delay = 0.00>
ST_2 : Operation 37 [1/1] (0.00ns)   --->   "%ret_ln0 = ret"   --->   Operation 37 'ret' 'ret_ln0' <Predicate = (tmp)> <Delay = 0.00>


============================================================
+ Verbose Summary: Timing violations
============================================================
Target clock period: 10ns, clock uncertainty: 2.7ns.

 <State 1>: 1.61ns
The critical path consists of the following:
	'alloca' operation ('__Val2__') [7]  (0 ns)
	'store' operation ('store_ln0') of constant 268435456 on local variable '__Val2__' [10]  (1.61 ns)

 <State 2>: 3.56ns
The critical path consists of the following:
	'load' operation ('k') on local variable 'j' [15]  (0 ns)
	'add' operation ('k', decoder.cpp:135) [31]  (1.95 ns)
	'store' operation ('store_ln135', decoder.cpp:135) of variable 'k', decoder.cpp:135 on local variable 'j' [34]  (1.61 ns)


============================================================
+ Verbose Summary: Binding
============================================================
N/A
* FSMD analyzer results:
  - Output states:
 - Input state : 
  - Chain level:
	State 1
	State 2


============================================================
+ Verbose Summary: Datapath Resource usage 
============================================================
N/A
