11/09/24 21:59:45: Running xcd server. This server was NOT built by gradle, but presumably rdi.
11/09/24 21:59:45: Server was asked to start on port: '55959'
11/09/24 21:59:45: Server is using token UUID: '3e62fb72-fe80-4cf9-bad3-ed9c6bc9369b'
11/09/24 21:59:45: SESSION_MGR: creating session with session uuid: '6d04a3e9-ade5-4ab9-8d63-1f78fcd2ec76' and name 'default'
11/09/24 21:59:45: Attempting to start server on port '55959'
11/09/24 21:59:45: Running Dispatch Server
11/09/24 21:59:45: Version 2.2.0
11/09/24 21:59:54: Dispatch Server: Accepted socket connection from client
11/09/24 21:59:54: Starting Socket connection
11/09/24 21:59:54: EXCHANGE_TOKEN received, server token: 3e62fb72-fe80-4cf9-bad3-ed9c6bc9369b, passed token: 3e62fb72-fe80-4cf9-bad3-ed9c6bc9369b
11/09/24 21:59:54: SESSION_MGR: creating session with session uuid: '51909ef3-f46b-4269-8179-5e5296fc09f6' and name 'vitis_hls'
11/09/24 21:59:54: KERNEL_SVC: creating session with uuid: '51909ef3-f46b-4269-8179-5e5296fc09f6' and name 'vitis_hls'
11/09/24 21:59:54: GUIDANCE_SMGR: creating guidance session with uuid: '51909ef3-f46b-4269-8179-5e5296fc09f6' and name 'vitis_hls'
11/09/24 22:02:08: STOP_SERVER received, server token: 3e62fb72-fe80-4cf9-bad3-ed9c6bc9369b, passed token: 3e62fb72-fe80-4cf9-bad3-ed9c6bc9369b
11/09/24 22:02:08: Socket received request to stop server.
11/09/24 22:02:08: Dispatch Server: do_await_stop
11/09/24 22:02:08: SERVER: destructor for server bound to port 55959
11/09/24 22:02:08: Server exiting with status 0.
11/09/24 22:02:08: Closing log file.
11/09/24 22:03:00: Running xcd server. This server was NOT built by gradle, but presumably rdi.
11/09/24 22:03:00: Server was asked to start on port: '56015'
11/09/24 22:03:00: Server is using token UUID: 'e69f940d-a31c-47c7-adfd-855626a5d716'
11/09/24 22:03:00: SESSION_MGR: creating session with session uuid: '6d04a3e9-ade5-4ab9-8d63-1f78fcd2ec76' and name 'default'
11/09/24 22:03:00: Attempting to start server on port '56015'
11/09/24 22:03:00: Running Dispatch Server
11/09/24 22:03:00: Version 2.2.0
11/09/24 22:03:08: Dispatch Server: Accepted socket connection from client
11/09/24 22:03:08: Starting Socket connection
11/09/24 22:03:08: EXCHANGE_TOKEN received, server token: e69f940d-a31c-47c7-adfd-855626a5d716, passed token: e69f940d-a31c-47c7-adfd-855626a5d716
11/09/24 22:03:08: SESSION_MGR: creating session with session uuid: '93c5a034-ac40-4eb8-8dfb-254d673bd039' and name 'vitis_hls'
11/09/24 22:03:08: KERNEL_SVC: creating session with uuid: '93c5a034-ac40-4eb8-8dfb-254d673bd039' and name 'vitis_hls'
11/09/24 22:03:08: GUIDANCE_SMGR: creating guidance session with uuid: '93c5a034-ac40-4eb8-8dfb-254d673bd039' and name 'vitis_hls'
11/09/24 22:03:09: STOP_SERVER received, server token: e69f940d-a31c-47c7-adfd-855626a5d716, passed token: e69f940d-a31c-47c7-adfd-855626a5d716
11/09/24 22:03:09: Socket received request to stop server.
11/09/24 22:03:09: Dispatch Server: do_await_stop
11/09/24 22:03:09: SERVER: destructor for server bound to port 56015
11/09/24 22:03:09: Server exiting with status 0.
11/09/24 22:03:09: Closing log file.
11/09/24 22:04:08: Running xcd server. This server was NOT built by gradle, but presumably rdi.
11/09/24 22:04:08: Server was asked to start on port: '56018'
11/09/24 22:04:08: Server is using token UUID: '5bfd80d0-a496-4488-b0b0-bfff437d1787'
11/09/24 22:04:08: SESSION_MGR: creating session with session uuid: '6d04a3e9-ade5-4ab9-8d63-1f78fcd2ec76' and name 'default'
11/09/24 22:04:08: Attempting to start server on port '56018'
11/09/24 22:04:08: Running Dispatch Server
11/09/24 22:04:08: Version 2.2.0
11/09/24 22:04:17: Dispatch Server: Accepted socket connection from client
11/09/24 22:04:17: Starting Socket connection
11/09/24 22:04:17: EXCHANGE_TOKEN received, server token: 5bfd80d0-a496-4488-b0b0-bfff437d1787, passed token: 5bfd80d0-a496-4488-b0b0-bfff437d1787
11/09/24 22:04:17: SESSION_MGR: creating session with session uuid: 'b71257ad-2111-477d-942d-3668a32f1f97' and name 'vitis_hls'
11/09/24 22:04:17: KERNEL_SVC: creating session with uuid: 'b71257ad-2111-477d-942d-3668a32f1f97' and name 'vitis_hls'
11/09/24 22:04:17: GUIDANCE_SMGR: creating guidance session with uuid: 'b71257ad-2111-477d-942d-3668a32f1f97' and name 'vitis_hls'
11/09/24 22:05:14: Dispatch Server: Accepted socket connection from client
11/09/24 22:05:14: Starting Socket connection
11/09/24 22:09:44: Dispatch Server: Accepted socket connection from client
11/09/24 22:09:44: Starting Socket connection
11/09/24 22:11:29: STOP_SERVER received, server token: 5bfd80d0-a496-4488-b0b0-bfff437d1787, passed token: 5bfd80d0-a496-4488-b0b0-bfff437d1787
11/09/24 22:11:29: Socket received request to stop server.
11/09/24 22:11:29: Dispatch Server: do_await_stop
11/09/24 22:11:29: SERVER: destructor for server bound to port 56018
11/09/24 22:11:29: Server exiting with status 0.
11/09/24 22:11:29: Closing log file.
